{"/home/pavel/WebstormProjects/clones-react/whats-up/next-test/src/components/Empty.tsx": {"path":"/home/pavel/WebstormProjects/clones-react/whats-up/next-test/src/components/Empty.tsx","statementMap":{"0":{"start":{"line":3,"column":16},"end":{"line":3,"column":null}},"1":{"start":{"line":1,"column":18},"end":{"line":1,"column":null}}},"fnMap":{"0":{"name":"Empty","decl":{"start":{"line":3,"column":16},"end":{"line":3,"column":null}},"loc":{"start":{"line":3,"column":16},"end":{"line":9,"column":null}}}},"branchMap":{},"s":{"0":1,"1":1},"f":{"0":1},"b":{}}
,"/home/pavel/WebstormProjects/clones-react/whats-up/next-test/src/components/Chat/ChatTypeMessage.tsx": {"path":"/home/pavel/WebstormProjects/clones-react/whats-up/next-test/src/components/Chat/ChatTypeMessage.tsx","statementMap":{"0":{"start":{"line":21,"column":13},"end":{"line":21,"column":31}},"1":{"start":{"line":1,"column":32},"end":{"line":1,"column":null}},"2":{"start":{"line":2,"column":29},"end":{"line":2,"column":null}},"3":{"start":{"line":4,"column":20},"end":{"line":4,"column":null}},"4":{"start":{"line":5,"column":28},"end":{"line":5,"column":null}},"5":{"start":{"line":6,"column":43},"end":{"line":6,"column":null}},"6":{"start":{"line":7,"column":27},"end":{"line":7,"column":null}},"7":{"start":{"line":8,"column":22},"end":{"line":8,"column":null}},"8":{"start":{"line":12,"column":2},"end":{"line":13,"column":null}},"9":{"start":{"line":12,"column":2},"end":{"line":12,"column":43}},"10":{"start":{"line":13,"column":13},"end":{"line":13,"column":32}},"11":{"start":{"line":21,"column":31},"end":{"line":93,"column":null}},"12":{"start":{"line":25,"column":26},"end":{"line":25,"column":null}},"13":{"start":{"line":26,"column":16},"end":{"line":26,"column":null}}},"fnMap":{"0":{"name":"(anonymous_5)","decl":{"start":{"line":11,"column":1},"end":{"line":11,"column":null}},"loc":{"start":{"line":12,"column":2},"end":{"line":13,"column":null}}},"1":{"name":"(anonymous_6)","decl":{"start":{"line":12,"column":2},"end":{"line":12,"column":9}},"loc":{"start":{"line":12,"column":2},"end":{"line":12,"column":43}}},"2":{"name":"(anonymous_7)","decl":{"start":{"line":13,"column":3},"end":{"line":13,"column":13}},"loc":{"start":{"line":13,"column":13},"end":{"line":13,"column":32}}},"3":{"name":"(anonymous_9)","decl":{"start":{"line":21,"column":31},"end":{"line":21,"column":32}},"loc":{"start":{"line":24,"column":23},"end":{"line":93,"column":null}}}},"branchMap":{"0":{"loc":{"start":{"line":29,"column":4},"end":{"line":29,"column":19}},"type":"binary-expr","locations":[{"start":{"line":29,"column":4},"end":{"line":29,"column":19}},{"start":{"line":29,"column":19},"end":{"line":29,"column":null}}]},"1":{"loc":{"start":{"line":38,"column":4},"end":{"line":38,"column":19}},"type":"binary-expr","locations":[{"start":{"line":38,"column":4},"end":{"line":38,"column":19}},{"start":{"line":38,"column":19},"end":{"line":38,"column":null}}]},"2":{"loc":{"start":{"line":47,"column":4},"end":{"line":47,"column":19}},"type":"binary-expr","locations":[{"start":{"line":47,"column":4},"end":{"line":47,"column":19}},{"start":{"line":47,"column":19},"end":{"line":47,"column":null}}]},"3":{"loc":{"start":{"line":56,"column":4},"end":{"line":56,"column":18}},"type":"binary-expr","locations":[{"start":{"line":56,"column":4},"end":{"line":56,"column":18}},{"start":{"line":56,"column":18},"end":{"line":56,"column":null}}]},"4":{"loc":{"start":{"line":68,"column":4},"end":{"line":68,"column":18}},"type":"binary-expr","locations":[{"start":{"line":68,"column":4},"end":{"line":68,"column":18}},{"start":{"line":68,"column":18},"end":{"line":68,"column":null}}]},"5":{"loc":{"start":{"line":81,"column":4},"end":{"line":81,"column":18}},"type":"binary-expr","locations":[{"start":{"line":81,"column":4},"end":{"line":81,"column":18}},{"start":{"line":81,"column":18},"end":{"line":81,"column":null}}]}},"s":{"0":224,"1":2,"2":2,"3":2,"4":2,"5":2,"6":2,"7":2,"8":0,"9":0,"10":0,"11":2,"12":224,"13":224},"f":{"0":0,"1":0,"2":0,"3":224},"b":{"0":[224,0],"1":[224,0],"2":[224,0],"3":[224,224],"4":[224,224],"5":[224,224]}}
,"/home/pavel/WebstormProjects/clones-react/whats-up/next-test/src/components/Chat/ChatViewMessage.tsx": {"path":"/home/pavel/WebstormProjects/clones-react/whats-up/next-test/src/components/Chat/ChatViewMessage.tsx","statementMap":{"0":{"start":{"line":13,"column":13},"end":{"line":13,"column":31}},"1":{"start":{"line":1,"column":30},"end":{"line":1,"column":null}},"2":{"start":{"line":2,"column":30},"end":{"line":2,"column":null}},"3":{"start":{"line":13,"column":31},"end":{"line":41,"column":null}}},"fnMap":{"0":{"name":"(anonymous_1)","decl":{"start":{"line":13,"column":31},"end":{"line":13,"column":32}},"loc":{"start":{"line":19,"column":19},"end":{"line":41,"column":null}}}},"branchMap":{"0":{"loc":{"start":{"line":24,"column":4},"end":{"line":28,"column":null}},"type":"cond-expr","locations":[{"start":{"line":25,"column":7},"end":{"line":25,"column":null}},{"start":{"line":26,"column":7},"end":{"line":28,"column":null}}]},"1":{"loc":{"start":{"line":26,"column":7},"end":{"line":28,"column":null}},"type":"cond-expr","locations":[{"start":{"line":27,"column":7},"end":{"line":27,"column":null}},{"start":{"line":28,"column":7},"end":{"line":28,"column":null}}]},"2":{"loc":{"start":{"line":36,"column":4},"end":{"line":36,"column":null}},"type":"binary-expr","locations":[{"start":{"line":36,"column":4},"end":{"line":36,"column":null}}]}},"s":{"0":0,"1":2,"2":2,"3":2},"f":{"0":0},"b":{"0":[0,0],"1":[0,0],"2":[0]}}
,"/home/pavel/WebstormProjects/clones-react/whats-up/next-test/src/components/Chat/ImageMessage.tsx": {"path":"/home/pavel/WebstormProjects/clones-react/whats-up/next-test/src/components/Chat/ImageMessage.tsx","statementMap":{"0":{"start":{"line":8,"column":16},"end":{"line":8,"column":29}},"1":{"start":{"line":2,"column":21},"end":{"line":2,"column":null}},"2":{"start":{"line":3,"column":18},"end":{"line":3,"column":null}}},"fnMap":{"0":{"name":"ImageMessage","decl":{"start":{"line":8,"column":16},"end":{"line":8,"column":29}},"loc":{"start":{"line":8,"column":55},"end":{"line":17,"column":null}}}},"branchMap":{},"s":{"0":0,"1":2,"2":2},"f":{"0":0},"b":{}}
,"/home/pavel/WebstormProjects/clones-react/whats-up/next-test/src/components/Chatlist/ChatLIstItem.tsx": {"path":"/home/pavel/WebstormProjects/clones-react/whats-up/next-test/src/components/Chatlist/ChatLIstItem.tsx","statementMap":{"0":{"start":{"line":11,"column":16},"end":{"line":11,"column":29}},"1":{"start":{"line":1,"column":27},"end":{"line":1,"column":null}},"2":{"start":{"line":4,"column":32},"end":{"line":4,"column":null}},"3":{"start":{"line":5,"column":23},"end":{"line":5,"column":null}},"4":{"start":{"line":12,"column":43},"end":{"line":12,"column":null}},"5":{"start":{"line":13,"column":26},"end":{"line":16,"column":null}},"6":{"start":{"line":14,"column":2},"end":{"line":14,"column":null}},"7":{"start":{"line":15,"column":2},"end":{"line":15,"column":null}}},"fnMap":{"0":{"name":"ChatLIstItem","decl":{"start":{"line":11,"column":16},"end":{"line":11,"column":29}},"loc":{"start":{"line":11,"column":56},"end":{"line":48,"column":null}}},"1":{"name":"(anonymous_2)","decl":{"start":{"line":13,"column":26},"end":{"line":13,"column":null}},"loc":{"start":{"line":13,"column":26},"end":{"line":16,"column":null}}}},"branchMap":{"0":{"loc":{"start":{"line":36,"column":6},"end":{"line":43,"column":null}},"type":"cond-expr","locations":[{"start":{"line":38,"column":6},"end":{"line":43,"column":null}},{"start":{"line":43,"column":9},"end":{"line":43,"column":null}}]},"1":{"loc":{"start":{"line":36,"column":6},"end":{"line":37,"column":null}},"type":"binary-expr","locations":[{"start":{"line":36,"column":6},"end":{"line":36,"column":30}},{"start":{"line":37,"column":5},"end":{"line":37,"column":null}}]}},"s":{"0":224,"1":2,"2":2,"3":2,"4":224,"5":224,"6":0,"7":0},"f":{"0":224,"1":0},"b":{"0":[0,224],"1":[224,0]}}
,"/home/pavel/WebstormProjects/clones-react/whats-up/next-test/src/components/Chatlist/ChatList.tsx": {"path":"/home/pavel/WebstormProjects/clones-react/whats-up/next-test/src/components/Chatlist/ChatList.tsx","statementMap":{"0":{"start":{"line":7,"column":16},"end":{"line":7,"column":null}},"1":{"start":{"line":1,"column":21},"end":{"line":1,"column":null}},"2":{"start":{"line":2,"column":31},"end":{"line":2,"column":null}},"3":{"start":{"line":3,"column":29},"end":{"line":3,"column":null}},"4":{"start":{"line":4,"column":28},"end":{"line":4,"column":null}},"5":{"start":{"line":5,"column":34},"end":{"line":5,"column":null}},"6":{"start":{"line":8,"column":24},"end":{"line":8,"column":null}}},"fnMap":{"0":{"name":"ChatList","decl":{"start":{"line":7,"column":16},"end":{"line":7,"column":null}},"loc":{"start":{"line":7,"column":16},"end":{"line":24,"column":null}}}},"branchMap":{"0":{"loc":{"start":{"line":14,"column":4},"end":{"line":20,"column":null}},"type":"cond-expr","locations":[{"start":{"line":15,"column":4},"end":{"line":20,"column":5}},{"start":{"line":20,"column":4},"end":{"line":20,"column":null}}]}},"s":{"0":3,"1":1,"2":1,"3":1,"4":1,"5":1,"6":6},"f":{"0":6},"b":{"0":[4,2]}}
,"/home/pavel/WebstormProjects/clones-react/whats-up/next-test/src/components/Chatlist/ChatListHeader.tsx": {"path":"/home/pavel/WebstormProjects/clones-react/whats-up/next-test/src/components/Chatlist/ChatListHeader.tsx","statementMap":{"0":{"start":{"line":12,"column":16},"end":{"line":12,"column":null}},"1":{"start":{"line":1,"column":23},"end":{"line":1,"column":null}},"2":{"start":{"line":2,"column":60},"end":{"line":2,"column":null}},"3":{"start":{"line":3,"column":27},"end":{"line":3,"column":null}},"4":{"start":{"line":4,"column":28},"end":{"line":4,"column":null}},"5":{"start":{"line":5,"column":29},"end":{"line":5,"column":null}},"6":{"start":{"line":6,"column":25},"end":{"line":6,"column":null}},"7":{"start":{"line":7,"column":26},"end":{"line":7,"column":null}},"8":{"start":{"line":8,"column":33},"end":{"line":8,"column":null}},"9":{"start":{"line":9,"column":26},"end":{"line":9,"column":null}},"10":{"start":{"line":10,"column":31},"end":{"line":10,"column":null}},"11":{"start":{"line":13,"column":29},"end":{"line":13,"column":null}},"12":{"start":{"line":14,"column":28},"end":{"line":14,"column":null}},"13":{"start":{"line":15,"column":35},"end":{"line":15,"column":null}},"14":{"start":{"line":16,"column":19},"end":{"line":16,"column":null}},"15":{"start":{"line":17,"column":28},"end":{"line":17,"column":null}},"16":{"start":{"line":17,"column":34},"end":{"line":17,"column":null}},"17":{"start":{"line":18,"column":16},"end":{"line":28,"column":null}},"18":{"start":{"line":19,"column":15},"end":{"line":19,"column":null}},"19":{"start":{"line":20,"column":2},"end":{"line":27,"column":null}},"20":{"start":{"line":22,"column":4},"end":{"line":22,"column":null}},"21":{"start":{"line":25,"column":4},"end":{"line":25,"column":null}},"22":{"start":{"line":26,"column":4},"end":{"line":26,"column":null}},"23":{"start":{"line":58,"column":25},"end":{"line":58,"column":35}}},"fnMap":{"0":{"name":"ChatListHeader","decl":{"start":{"line":12,"column":16},"end":{"line":12,"column":null}},"loc":{"start":{"line":12,"column":16},"end":{"line":63,"column":null}}},"1":{"name":"(anonymous_2)","decl":{"start":{"line":17,"column":28},"end":{"line":17,"column":34}},"loc":{"start":{"line":17,"column":34},"end":{"line":17,"column":null}}},"2":{"name":"(anonymous_3)","decl":{"start":{"line":18,"column":16},"end":{"line":18,"column":null}},"loc":{"start":{"line":18,"column":16},"end":{"line":28,"column":null}}},"3":{"name":"(anonymous_4)","decl":{"start":{"line":21,"column":9},"end":{"line":21,"column":null}},"loc":{"start":{"line":21,"column":9},"end":{"line":23,"column":null}}},"4":{"name":"(anonymous_5)","decl":{"start":{"line":24,"column":10},"end":{"line":24,"column":null}},"loc":{"start":{"line":24,"column":10},"end":{"line":27,"column":null}}},"5":{"name":"(anonymous_6)","decl":{"start":{"line":58,"column":19},"end":{"line":58,"column":25}},"loc":{"start":{"line":58,"column":25},"end":{"line":58,"column":35}}}},"branchMap":{"0":{"loc":{"start":{"line":31,"column":4},"end":{"line":31,"column":null}},"type":"binary-expr","locations":[{"start":{"line":31,"column":4},"end":{"line":31,"column":null}}]}},"s":{"0":4,"1":1,"2":1,"3":1,"4":1,"5":1,"6":1,"7":1,"8":1,"9":1,"10":1,"11":4,"12":4,"13":4,"14":4,"15":4,"16":1,"17":4,"18":0,"19":0,"20":0,"21":0,"22":0,"23":0},"f":{"0":4,"1":1,"2":0,"3":0,"4":0,"5":0},"b":{"0":[4]}}
,"/home/pavel/WebstormProjects/clones-react/whats-up/next-test/src/components/Chatlist/ContactsList.tsx": {"path":"/home/pavel/WebstormProjects/clones-react/whats-up/next-test/src/components/Chatlist/ContactsList.tsx","statementMap":{"0":{"start":{"line":11,"column":16},"end":{"line":11,"column":null}},"1":{"start":{"line":1,"column":28},"end":{"line":1,"column":null}},"2":{"start":{"line":2,"column":27},"end":{"line":2,"column":null}},"3":{"start":{"line":3,"column":26},"end":{"line":3,"column":null}},"4":{"start":{"line":4,"column":29},"end":{"line":4,"column":null}},"5":{"start":{"line":5,"column":36},"end":{"line":5,"column":null}},"6":{"start":{"line":6,"column":28},"end":{"line":6,"column":null}},"7":{"start":{"line":7,"column":33},"end":{"line":7,"column":null}},"8":{"start":{"line":12,"column":15},"end":{"line":12,"column":null}},"9":{"start":{"line":13,"column":37},"end":{"line":13,"column":null}},"10":{"start":{"line":14,"column":41},"end":{"line":14,"column":null}},"11":{"start":{"line":15,"column":32},"end":{"line":15,"column":null}},"12":{"start":{"line":15,"column":38},"end":{"line":15,"column":null}},"13":{"start":{"line":16,"column":1},"end":{"line":18,"column":null}},"14":{"start":{"line":17,"column":2},"end":{"line":17,"column":null}},"15":{"start":{"line":39,"column":6},"end":{"line":39,"column":null}},"16":{"start":{"line":44,"column":8},"end":{"line":45,"column":null}}},"fnMap":{"0":{"name":"ContactsList","decl":{"start":{"line":11,"column":16},"end":{"line":11,"column":null}},"loc":{"start":{"line":11,"column":16},"end":{"line":61,"column":null}}},"1":{"name":"(anonymous_2)","decl":{"start":{"line":15,"column":32},"end":{"line":15,"column":38}},"loc":{"start":{"line":15,"column":38},"end":{"line":15,"column":null}}},"2":{"name":"(anonymous_3)","decl":{"start":{"line":16,"column":11},"end":{"line":16,"column":null}},"loc":{"start":{"line":16,"column":11},"end":{"line":18,"column":4}}},"3":{"name":"(anonymous_4)","decl":{"start":{"line":38,"column":16},"end":{"line":38,"column":null}},"loc":{"start":{"line":39,"column":6},"end":{"line":39,"column":null}}},"4":{"name":"(anonymous_5)","decl":{"start":{"line":43,"column":25},"end":{"line":43,"column":null}},"loc":{"start":{"line":44,"column":8},"end":{"line":45,"column":null}}}},"branchMap":{},"s":{"0":5,"1":2,"2":2,"3":2,"4":2,"5":2,"6":2,"7":2,"8":33,"9":33,"10":33,"11":33,"12":1,"13":33,"14":4,"15":224,"16":224},"f":{"0":33,"1":1,"2":4,"3":224,"4":224},"b":{}}
,"/home/pavel/WebstormProjects/clones-react/whats-up/next-test/src/components/Chatlist/List.tsx": {"path":"/home/pavel/WebstormProjects/clones-react/whats-up/next-test/src/components/Chatlist/List.tsx","statementMap":{"0":{"start":{"line":15,"column":16},"end":{"line":15,"column":null}},"1":{"start":{"line":1,"column":26},"end":{"line":1,"column":null}},"2":{"start":{"line":2,"column":36},"end":{"line":2,"column":null}},"3":{"start":{"line":3,"column":28},"end":{"line":3,"column":null}},"4":{"start":{"line":4,"column":24},"end":{"line":4,"column":null}},"5":{"start":{"line":5,"column":27},"end":{"line":5,"column":null}},"6":{"start":{"line":9,"column":7},"end":{"line":9,"column":null}},"7":{"start":{"line":10,"column":29},"end":{"line":10,"column":null}},"8":{"start":{"line":13,"column":24},"end":{"line":13,"column":null}},"9":{"start":{"line":16,"column":14},"end":{"line":16,"column":null}},"10":{"start":{"line":17,"column":23},"end":{"line":17,"column":null}},"11":{"start":{"line":18,"column":25},"end":{"line":18,"column":null}},"12":{"start":{"line":19,"column":32},"end":{"line":19,"column":null}},"13":{"start":{"line":20,"column":37},"end":{"line":20,"column":null}},"14":{"start":{"line":22,"column":2},"end":{"line":22,"column":null}},"15":{"start":{"line":24,"column":1},"end":{"line":26,"column":null}},"16":{"start":{"line":25,"column":2},"end":{"line":25,"column":null}},"17":{"start":{"line":27,"column":1},"end":{"line":34,"column":null}},"18":{"start":{"line":28,"column":2},"end":{"line":31,"column":null}},"19":{"start":{"line":29,"column":3},"end":{"line":31,"column":null}},"20":{"start":{"line":31,"column":5},"end":{"line":31,"column":null}},"21":{"start":{"line":62,"column":10},"end":{"line":63,"column":null}},"22":{"start":{"line":73,"column":8},"end":{"line":74,"column":null}}},"fnMap":{"0":{"name":"List","decl":{"start":{"line":15,"column":16},"end":{"line":15,"column":null}},"loc":{"start":{"line":15,"column":16},"end":{"line":84,"column":null}}},"1":{"name":"(anonymous_2)","decl":{"start":{"line":24,"column":11},"end":{"line":24,"column":null}},"loc":{"start":{"line":24,"column":11},"end":{"line":26,"column":4}}},"2":{"name":"(anonymous_3)","decl":{"start":{"line":27,"column":11},"end":{"line":27,"column":null}},"loc":{"start":{"line":27,"column":11},"end":{"line":34,"column":4}}},"3":{"name":"(anonymous_4)","decl":{"start":{"line":30,"column":26},"end":{"line":30,"column":null}},"loc":{"start":{"line":31,"column":5},"end":{"line":31,"column":null}}},"4":{"name":"(anonymous_5)","decl":{"start":{"line":61,"column":26},"end":{"line":61,"column":null}},"loc":{"start":{"line":62,"column":10},"end":{"line":63,"column":null}}},"5":{"name":"(anonymous_6)","decl":{"start":{"line":72,"column":27},"end":{"line":72,"column":null}},"loc":{"start":{"line":73,"column":8},"end":{"line":74,"column":null}}}},"branchMap":{"0":{"loc":{"start":{"line":25,"column":2},"end":{"line":25,"column":null}},"type":"binary-expr","locations":[{"start":{"line":25,"column":2},"end":{"line":25,"column":14}},{"start":{"line":25,"column":14},"end":{"line":25,"column":null}}]},"1":{"loc":{"start":{"line":28,"column":2},"end":{"line":31,"column":null}},"type":"if","locations":[{"start":{"line":28,"column":2},"end":{"line":31,"column":null}}]},"2":{"loc":{"start":{"line":50,"column":4},"end":{"line":52,"column":5}},"type":"cond-expr","locations":[{"start":{"line":50,"column":4},"end":{"line":52,"column":5}}]},"3":{"loc":{"start":{"line":54,"column":6},"end":{"line":71,"column":null}},"type":"cond-expr","locations":[{"start":{"line":54,"column":6},"end":{"line":71,"column":null}}]},"4":{"loc":{"start":{"line":56,"column":8},"end":{"line":60,"column":null}},"type":"cond-expr","locations":[{"start":{"line":56,"column":8},"end":{"line":60,"column":null}}]}},"s":{"0":4,"1":1,"2":1,"3":1,"4":1,"5":1,"6":1,"7":1,"8":1,"9":4,"10":4,"11":4,"12":4,"13":4,"14":4,"15":4,"16":4,"17":4,"18":4,"19":0,"20":0,"21":0,"22":0},"f":{"0":4,"1":4,"2":4,"3":0,"4":0,"5":0},"b":{"0":[4,0],"1":[0],"2":[0],"3":[0],"4":[0]}}
,"/home/pavel/WebstormProjects/clones-react/whats-up/next-test/src/components/Chatlist/SearchBar.tsx": {"path":"/home/pavel/WebstormProjects/clones-react/whats-up/next-test/src/components/Chatlist/SearchBar.tsx","statementMap":{"0":{"start":{"line":11,"column":16},"end":{"line":11,"column":26}},"1":{"start":{"line":1,"column":29},"end":{"line":1,"column":null}},"2":{"start":{"line":2,"column":25},"end":{"line":2,"column":null}},"3":{"start":{"line":3,"column":67},"end":{"line":3,"column":null}},"4":{"start":{"line":17,"column":27},"end":{"line":22,"column":null}},"5":{"start":{"line":19,"column":3},"end":{"line":19,"column":null}},"6":{"start":{"line":19,"column":17},"end":{"line":19,"column":null}}},"fnMap":{"0":{"name":"SearchBar","decl":{"start":{"line":11,"column":16},"end":{"line":11,"column":26}},"loc":{"start":{"line":16,"column":17},"end":{"line":46,"column":null}}},"1":{"name":"(anonymous_2)","decl":{"start":{"line":18,"column":2},"end":{"line":18,"column":3}},"loc":{"start":{"line":18,"column":3},"end":{"line":20,"column":null}}}},"branchMap":{"0":{"loc":{"start":{"line":12,"column":1},"end":{"line":12,"column":19}},"type":"default-arg","locations":[{"start":{"line":12,"column":14},"end":{"line":12,"column":19}}]},"1":{"loc":{"start":{"line":15,"column":1},"end":{"line":15,"column":26}},"type":"default-arg","locations":[{"start":{"line":15,"column":15},"end":{"line":15,"column":26}}]},"2":{"loc":{"start":{"line":19,"column":3},"end":{"line":19,"column":null}},"type":"if","locations":[{"start":{"line":19,"column":3},"end":{"line":19,"column":null}}]},"3":{"loc":{"start":{"line":28,"column":4},"end":{"line":28,"column":null}},"type":"binary-expr","locations":[{"start":{"line":28,"column":4},"end":{"line":28,"column":19}},{"start":{"line":28,"column":19},"end":{"line":28,"column":null}}]},"4":{"loc":{"start":{"line":36,"column":12},"end":{"line":36,"column":null}},"type":"binary-expr","locations":[{"start":{"line":36,"column":12},"end":{"line":36,"column":21}},{"start":{"line":36,"column":21},"end":{"line":36,"column":null}}]},"5":{"loc":{"start":{"line":41,"column":4},"end":{"line":41,"column":null}},"type":"binary-expr","locations":[{"start":{"line":41,"column":4},"end":{"line":41,"column":null}}]}},"s":{"0":37,"1":2,"2":2,"3":2,"4":37,"5":27,"6":27},"f":{"0":37,"1":27},"b":{"0":[33],"1":[0],"2":[27],"3":[37,33],"4":[37,0],"5":[37]}}
,"/home/pavel/WebstormProjects/clones-react/whats-up/next-test/src/components/UI/Avatar.tsx": {"path":"/home/pavel/WebstormProjects/clones-react/whats-up/next-test/src/components/UI/Avatar.tsx","statementMap":{"0":{"start":{"line":13,"column":16},"end":{"line":13,"column":23}},"1":{"start":{"line":1,"column":18},"end":{"line":1,"column":null}},"2":{"start":{"line":2,"column":18},"end":{"line":2,"column":null}},"3":{"start":{"line":3,"column":33},"end":{"line":3,"column":null}},"4":{"start":{"line":4,"column":33},"end":{"line":4,"column":null}}},"fnMap":{"0":{"name":"Avatar","decl":{"start":{"line":13,"column":16},"end":{"line":13,"column":23}},"loc":{"start":{"line":13,"column":62},"end":{"line":53,"column":null}}}},"branchMap":{"0":{"loc":{"start":{"line":20,"column":5},"end":{"line":20,"column":null}},"type":"binary-expr","locations":[{"start":{"line":20,"column":5},"end":{"line":20,"column":null}}]},"1":{"loc":{"start":{"line":23,"column":7},"end":{"line":31,"column":8}},"type":"cond-expr","locations":[{"start":{"line":23,"column":7},"end":{"line":31,"column":8}}]},"2":{"loc":{"start":{"line":35,"column":5},"end":{"line":35,"column":null}},"type":"binary-expr","locations":[{"start":{"line":35,"column":5},"end":{"line":35,"column":null}}]},"3":{"loc":{"start":{"line":38,"column":7},"end":{"line":45,"column":8}},"type":"cond-expr","locations":[{"start":{"line":38,"column":7},"end":{"line":45,"column":8}}]},"4":{"loc":{"start":{"line":39,"column":13},"end":{"line":39,"column":null}},"type":"binary-expr","locations":[{"start":{"line":39,"column":13},"end":{"line":39,"column":22}},{"start":{"line":39,"column":22},"end":{"line":39,"column":null}}]},"5":{"loc":{"start":{"line":49,"column":5},"end":{"line":49,"column":22}},"type":"binary-expr","locations":[{"start":{"line":49,"column":5},"end":{"line":49,"column":22}}]}},"s":{"0":228,"1":3,"2":3,"3":3,"4":3},"f":{"0":228},"b":{"0":[228],"1":[4],"2":[228],"3":[224],"4":[224,0],"5":[228]}}
,"/home/pavel/WebstormProjects/clones-react/whats-up/next-test/src/components/UI/CapturePhoto.tsx": {"path":"/home/pavel/WebstormProjects/clones-react/whats-up/next-test/src/components/UI/CapturePhoto.tsx","statementMap":{"0":{"start":{"line":14,"column":16},"end":{"line":14,"column":29}},"1":{"start":{"line":7,"column":7},"end":{"line":7,"column":null}},"2":{"start":{"line":8,"column":24},"end":{"line":8,"column":null}},"3":{"start":{"line":9,"column":27},"end":{"line":9,"column":null}},"4":{"start":{"line":15,"column":22},"end":{"line":15,"column":null}},"5":{"start":{"line":16,"column":61},"end":{"line":16,"column":null}},"6":{"start":{"line":17,"column":1},"end":{"line":30,"column":null}},"7":{"start":{"line":19,"column":22},"end":{"line":27,"column":null}},"8":{"start":{"line":20,"column":3},"end":{"line":23,"column":null}},"9":{"start":{"line":24,"column":3},"end":{"line":26,"column":null}},"10":{"start":{"line":25,"column":4},"end":{"line":25,"column":null}},"11":{"start":{"line":28,"column":2},"end":{"line":28,"column":null}},"12":{"start":{"line":29,"column":2},"end":{"line":29,"column":null}},"13":{"start":{"line":29,"column":15},"end":{"line":29,"column":null}},"14":{"start":{"line":29,"column":52},"end":{"line":29,"column":null}},"15":{"start":{"line":32,"column":22},"end":{"line":39,"column":null}},"16":{"start":{"line":33,"column":36},"end":{"line":33,"column":null}},"17":{"start":{"line":34,"column":2},"end":{"line":36,"column":null}},"18":{"start":{"line":35,"column":3},"end":{"line":35,"column":null}},"19":{"start":{"line":37,"column":2},"end":{"line":37,"column":null}},"20":{"start":{"line":38,"column":2},"end":{"line":38,"column":null}},"21":{"start":{"line":44,"column":20},"end":{"line":44,"column":null}}},"fnMap":{"0":{"name":"CapturePhoto","decl":{"start":{"line":14,"column":16},"end":{"line":14,"column":29}},"loc":{"start":{"line":14,"column":56},"end":{"line":63,"column":null}}},"1":{"name":"(anonymous_2)","decl":{"start":{"line":17,"column":11},"end":{"line":17,"column":null}},"loc":{"start":{"line":17,"column":11},"end":{"line":30,"column":4}}},"2":{"name":"(anonymous_3)","decl":{"start":{"line":19,"column":22},"end":{"line":19,"column":null}},"loc":{"start":{"line":19,"column":22},"end":{"line":27,"column":null}}},"3":{"name":"(anonymous_4)","decl":{"start":{"line":29,"column":9},"end":{"line":29,"column":15}},"loc":{"start":{"line":29,"column":15},"end":{"line":29,"column":null}}},"4":{"name":"(anonymous_5)","decl":{"start":{"line":29,"column":43},"end":{"line":29,"column":52}},"loc":{"start":{"line":29,"column":52},"end":{"line":29,"column":null}}},"5":{"name":"(anonymous_6)","decl":{"start":{"line":32,"column":22},"end":{"line":32,"column":null}},"loc":{"start":{"line":32,"column":22},"end":{"line":39,"column":null}}},"6":{"name":"(anonymous_7)","decl":{"start":{"line":44,"column":14},"end":{"line":44,"column":20}},"loc":{"start":{"line":44,"column":20},"end":{"line":44,"column":null}}}},"branchMap":{"0":{"loc":{"start":{"line":24,"column":3},"end":{"line":26,"column":null}},"type":"if","locations":[{"start":{"line":24,"column":3},"end":{"line":26,"column":null}}]},"1":{"loc":{"start":{"line":34,"column":2},"end":{"line":36,"column":null}},"type":"if","locations":[{"start":{"line":34,"column":2},"end":{"line":36,"column":null}}]}},"s":{"0":0,"1":3,"2":3,"3":3,"4":0,"5":0,"6":0,"7":0,"8":0,"9":0,"10":0,"11":0,"12":0,"13":0,"14":0,"15":0,"16":0,"17":0,"18":0,"19":0,"20":0,"21":0},"f":{"0":0,"1":0,"2":0,"3":0,"4":0,"5":0,"6":0},"b":{"0":[0],"1":[0]}}
,"/home/pavel/WebstormProjects/clones-react/whats-up/next-test/src/components/UI/ContextMenu.tsx": {"path":"/home/pavel/WebstormProjects/clones-react/whats-up/next-test/src/components/UI/ContextMenu.tsx","statementMap":{"0":{"start":{"line":18,"column":16},"end":{"line":18,"column":28}},"1":{"start":{"line":2,"column":60},"end":{"line":2,"column":null}},"2":{"start":{"line":3,"column":38},"end":{"line":3,"column":null}},"3":{"start":{"line":19,"column":24},"end":{"line":23,"column":null}},"4":{"start":{"line":20,"column":18},"end":{"line":20,"column":null}},"5":{"start":{"line":24,"column":21},"end":{"line":28,"column":null}},"6":{"start":{"line":25,"column":2},"end":{"line":25,"column":null}},"7":{"start":{"line":26,"column":2},"end":{"line":26,"column":null}},"8":{"start":{"line":27,"column":2},"end":{"line":27,"column":null}},"9":{"start":{"line":46,"column":5},"end":{"line":48,"column":null}},"10":{"start":{"line":49,"column":20},"end":{"line":49,"column":null}}},"fnMap":{"0":{"name":"ContextMenu","decl":{"start":{"line":18,"column":16},"end":{"line":18,"column":28}},"loc":{"start":{"line":18,"column":65},"end":{"line":57,"column":null}}},"1":{"name":"(anonymous_3)","decl":{"start":{"line":20,"column":12},"end":{"line":20,"column":18}},"loc":{"start":{"line":20,"column":18},"end":{"line":20,"column":null}}},"2":{"name":"(anonymous_4)","decl":{"start":{"line":24,"column":21},"end":{"line":24,"column":22}},"loc":{"start":{"line":24,"column":50},"end":{"line":28,"column":null}}},"3":{"name":"(anonymous_5)","decl":{"start":{"line":45,"column":22},"end":{"line":45,"column":23}},"loc":{"start":{"line":46,"column":5},"end":{"line":48,"column":null}}},"4":{"name":"(anonymous_6)","decl":{"start":{"line":49,"column":15},"end":{"line":49,"column":20}},"loc":{"start":{"line":49,"column":20},"end":{"line":49,"column":null}}}},"branchMap":{"0":{"loc":{"start":{"line":33,"column":4},"end":{"line":35,"column":null}},"type":"cond-expr","locations":[{"start":{"line":34,"column":7},"end":{"line":34,"column":null}},{"start":{"line":35,"column":7},"end":{"line":35,"column":null}}]},"1":{"loc":{"start":{"line":38,"column":4},"end":{"line":41,"column":null}},"type":"binary-expr","locations":[{"start":{"line":38,"column":4},"end":{"line":38,"column":20}},{"start":{"line":38,"column":24},"end":{"line":41,"column":null}}]}},"s":{"0":0,"1":3,"2":3,"3":0,"4":0,"5":0,"6":0,"7":0,"8":0,"9":0,"10":0},"f":{"0":0,"1":0,"2":0,"3":0,"4":0},"b":{"0":[0,0],"1":[0,0]}}
,"/home/pavel/WebstormProjects/clones-react/whats-up/next-test/src/components/UI/CustomAvatarMenu.tsx": {"path":"/home/pavel/WebstormProjects/clones-react/whats-up/next-test/src/components/UI/CustomAvatarMenu.tsx","statementMap":{"0":{"start":{"line":29,"column":13},"end":{"line":29,"column":55}},"1":{"start":{"line":1,"column":45},"end":{"line":1,"column":null}},"2":{"start":{"line":2,"column":25},"end":{"line":2,"column":null}},"3":{"start":{"line":3,"column":18},"end":{"line":3,"column":null}},"4":{"start":{"line":4,"column":49},"end":{"line":4,"column":null}},"5":{"start":{"line":5,"column":28},"end":{"line":5,"column":null}},"6":{"start":{"line":6,"column":29},"end":{"line":6,"column":null}},"7":{"start":{"line":7,"column":29},"end":{"line":7,"column":null}},"8":{"start":{"line":8,"column":28},"end":{"line":8,"column":null}},"9":{"start":{"line":9,"column":26},"end":{"line":9,"column":null}},"10":{"start":{"line":11,"column":31},"end":{"line":11,"column":null}},"11":{"start":{"line":14,"column":38},"end":{"line":17,"column":null}},"12":{"start":{"line":18,"column":34},"end":{"line":28,"column":null}},"13":{"start":{"line":29,"column":55},"end":{"line":96,"column":null}},"14":{"start":{"line":30,"column":35},"end":{"line":30,"column":null}},"15":{"start":{"line":31,"column":50},"end":{"line":31,"column":null}},"16":{"start":{"line":33,"column":2},"end":{"line":33,"column":null}},"17":{"start":{"line":34,"column":28},"end":{"line":40,"column":null}},"18":{"start":{"line":36,"column":3},"end":{"line":36,"column":null}},"19":{"start":{"line":37,"column":3},"end":{"line":37,"column":null}},"20":{"start":{"line":38,"column":3},"end":{"line":38,"column":null}},"21":{"start":{"line":48,"column":18},"end":{"line":48,"column":null}}},"fnMap":{"0":{"name":"(anonymous_5)","decl":{"start":{"line":29,"column":55},"end":{"line":29,"column":56}},"loc":{"start":{"line":29,"column":65},"end":{"line":96,"column":null}}},"1":{"name":"(anonymous_6)","decl":{"start":{"line":35,"column":2},"end":{"line":35,"column":3}},"loc":{"start":{"line":35,"column":3},"end":{"line":39,"column":null}}},"2":{"name":"(anonymous_7)","decl":{"start":{"line":48,"column":13},"end":{"line":48,"column":18}},"loc":{"start":{"line":48,"column":18},"end":{"line":48,"column":null}}}},"branchMap":{"0":{"loc":{"start":{"line":50,"column":5},"end":{"line":50,"column":null}},"type":"binary-expr","locations":[{"start":{"line":50,"column":5},"end":{"line":50,"column":null}}]},"1":{"loc":{"start":{"line":64,"column":10},"end":{"line":64,"column":null}},"type":"binary-expr","locations":[{"start":{"line":64,"column":10},"end":{"line":64,"column":19}},{"start":{"line":64,"column":19},"end":{"line":64,"column":null}}]},"2":{"loc":{"start":{"line":66,"column":32},"end":{"line":66,"column":54}},"type":"binary-expr","locations":[{"start":{"line":66,"column":32},"end":{"line":66,"column":41}},{"start":{"line":66,"column":41},"end":{"line":66,"column":54}}]},"3":{"loc":{"start":{"line":69,"column":5},"end":{"line":69,"column":35}},"type":"binary-expr","locations":[{"start":{"line":69,"column":5},"end":{"line":69,"column":35}}]},"4":{"loc":{"start":{"line":81,"column":4},"end":{"line":81,"column":26}},"type":"binary-expr","locations":[{"start":{"line":81,"column":4},"end":{"line":81,"column":26}}]},"5":{"loc":{"start":{"line":88,"column":4},"end":{"line":88,"column":30}},"type":"binary-expr","locations":[{"start":{"line":88,"column":4},"end":{"line":88,"column":30}}]},"6":{"loc":{"start":{"line":91,"column":4},"end":{"line":91,"column":23}},"type":"binary-expr","locations":[{"start":{"line":91,"column":4},"end":{"line":91,"column":23}}]}},"s":{"0":0,"1":3,"2":3,"3":3,"4":3,"5":3,"6":3,"7":3,"8":3,"9":3,"10":3,"11":3,"12":3,"13":3,"14":0,"15":0,"16":0,"17":0,"18":0,"19":0,"20":0,"21":0},"f":{"0":0,"1":0,"2":0},"b":{"0":[0],"1":[0,0],"2":[0,0],"3":[0],"4":[0],"5":[0],"6":[0]}}
,"/home/pavel/WebstormProjects/clones-react/whats-up/next-test/src/components/UI/DropDown.tsx": {"path":"/home/pavel/WebstormProjects/clones-react/whats-up/next-test/src/components/UI/DropDown.tsx","statementMap":{"0":{"start":{"line":8,"column":13},"end":{"line":8,"column":24}},"1":{"start":{"line":1,"column":41},"end":{"line":1,"column":null}},"2":{"start":{"line":8,"column":24},"end":{"line":30,"column":null}},"3":{"start":{"line":9,"column":37},"end":{"line":9,"column":null}}},"fnMap":{"0":{"name":"(anonymous_2)","decl":{"start":{"line":8,"column":24},"end":{"line":8,"column":25}},"loc":{"start":{"line":8,"column":25},"end":{"line":30,"column":null}}}},"branchMap":{"0":{"loc":{"start":{"line":15,"column":4},"end":{"line":15,"column":null}},"type":"binary-expr","locations":[{"start":{"line":15,"column":4},"end":{"line":15,"column":null}}]},"1":{"loc":{"start":{"line":20,"column":4},"end":{"line":20,"column":null}},"type":"binary-expr","locations":[{"start":{"line":20,"column":4},"end":{"line":20,"column":null}}]}},"s":{"0":9,"1":2,"2":2,"3":9},"f":{"0":9},"b":{"0":[9],"1":[9]}}
,"/home/pavel/WebstormProjects/clones-react/whats-up/next-test/src/components/UI/IncomingContainer.tsx": {"path":"/home/pavel/WebstormProjects/clones-react/whats-up/next-test/src/components/UI/IncomingContainer.tsx","statementMap":{"0":{"start":{"line":10,"column":13},"end":{"line":10,"column":33}},"1":{"start":{"line":1,"column":18},"end":{"line":1,"column":null}},"2":{"start":{"line":2,"column":48},"end":{"line":2,"column":null}},"3":{"start":{"line":10,"column":33},"end":{"line":61,"column":null}}},"fnMap":{"0":{"name":"(anonymous_2)","decl":{"start":{"line":10,"column":33},"end":{"line":10,"column":34}},"loc":{"start":{"line":14,"column":25},"end":{"line":61,"column":null}}}},"branchMap":{"0":{"loc":{"start":{"line":18,"column":9},"end":{"line":18,"column":null}},"type":"binary-expr","locations":[{"start":{"line":18,"column":9},"end":{"line":18,"column":29}},{"start":{"line":18,"column":29},"end":{"line":18,"column":null}}]}},"s":{"0":2,"1":2,"2":2,"3":2},"f":{"0":2},"b":{"0":[2,0]}}
,"/home/pavel/WebstormProjects/clones-react/whats-up/next-test/src/components/UI/IncomingVideoCall.tsx": {"path":"/home/pavel/WebstormProjects/clones-react/whats-up/next-test/src/components/UI/IncomingVideoCall.tsx","statementMap":{"0":{"start":{"line":10,"column":16},"end":{"line":10,"column":null}},"1":{"start":{"line":1,"column":22},"end":{"line":1,"column":null}},"2":{"start":{"line":2,"column":28},"end":{"line":2,"column":null}},"3":{"start":{"line":3,"column":37},"end":{"line":3,"column":null}},"4":{"start":{"line":4,"column":28},"end":{"line":4,"column":null}},"5":{"start":{"line":5,"column":34},"end":{"line":5,"column":null}},"6":{"start":{"line":6,"column":31},"end":{"line":6,"column":null}},"7":{"start":{"line":7,"column":27},"end":{"line":7,"column":null}},"8":{"start":{"line":8,"column":58},"end":{"line":8,"column":null}},"9":{"start":{"line":11,"column":22},"end":{"line":11,"column":null}},"10":{"start":{"line":12,"column":19},"end":{"line":12,"column":null}},"11":{"start":{"line":18,"column":5},"end":{"line":18,"column":null}},"12":{"start":{"line":20,"column":16},"end":{"line":26,"column":null}},"13":{"start":{"line":21,"column":2},"end":{"line":21,"column":null}},"14":{"start":{"line":21,"column":20},"end":{"line":21,"column":null}},"15":{"start":{"line":22,"column":2},"end":{"line":22,"column":null}},"16":{"start":{"line":23,"column":2},"end":{"line":23,"column":null}},"17":{"start":{"line":24,"column":2},"end":{"line":24,"column":null}},"18":{"start":{"line":25,"column":2},"end":{"line":25,"column":null}},"19":{"start":{"line":27,"column":16},"end":{"line":30,"column":null}},"20":{"start":{"line":28,"column":2},"end":{"line":28,"column":null}},"21":{"start":{"line":29,"column":2},"end":{"line":29,"column":null}}},"fnMap":{"0":{"name":"IncomingVideoCall","decl":{"start":{"line":10,"column":16},"end":{"line":10,"column":null}},"loc":{"start":{"line":10,"column":16},"end":{"line":41,"column":null}}},"1":{"name":"(anonymous_2)","decl":{"start":{"line":20,"column":28},"end":{"line":20,"column":null}},"loc":{"start":{"line":20,"column":28},"end":{"line":26,"column":4}}},"2":{"name":"(anonymous_3)","decl":{"start":{"line":27,"column":28},"end":{"line":27,"column":null}},"loc":{"start":{"line":27,"column":28},"end":{"line":30,"column":4}}}},"branchMap":{"0":{"loc":{"start":{"line":21,"column":2},"end":{"line":21,"column":null}},"type":"if","locations":[{"start":{"line":21,"column":2},"end":{"line":21,"column":null}}]}},"s":{"0":2,"1":1,"2":1,"3":1,"4":1,"5":1,"6":1,"7":1,"8":1,"9":2,"10":2,"11":2,"12":2,"13":0,"14":0,"15":0,"16":0,"17":0,"18":0,"19":2,"20":0,"21":0},"f":{"0":2,"1":0,"2":0},"b":{"0":[0]}}
,"/home/pavel/WebstormProjects/clones-react/whats-up/next-test/src/components/UI/Input.tsx": {"path":"/home/pavel/WebstormProjects/clones-react/whats-up/next-test/src/components/UI/Input.tsx","statementMap":{"0":{"start":{"line":12,"column":13},"end":{"line":12,"column":43}},"1":{"start":{"line":12,"column":43},"end":{"line":42,"column":null}},"2":{"start":{"line":20,"column":22},"end":{"line":21,"column":null}},"3":{"start":{"line":21,"column":2},"end":{"line":21,"column":null}}},"fnMap":{"0":{"name":"(anonymous_1)","decl":{"start":{"line":12,"column":43},"end":{"line":12,"column":44}},"loc":{"start":{"line":19,"column":1},"end":{"line":42,"column":null}}},"1":{"name":"(anonymous_2)","decl":{"start":{"line":20,"column":22},"end":{"line":20,"column":23}},"loc":{"start":{"line":21,"column":2},"end":{"line":21,"column":null}}}},"branchMap":{"0":{"loc":{"start":{"line":13,"column":1},"end":{"line":13,"column":14}},"type":"default-arg","locations":[{"start":{"line":13,"column":9},"end":{"line":13,"column":14}}]},"1":{"loc":{"start":{"line":17,"column":1},"end":{"line":17,"column":14}},"type":"default-arg","locations":[{"start":{"line":17,"column":8},"end":{"line":17,"column":14}}]},"2":{"loc":{"start":{"line":24,"column":4},"end":{"line":24,"column":null}},"type":"binary-expr","locations":[{"start":{"line":24,"column":4},"end":{"line":24,"column":null}}]}},"s":{"0":4,"1":1,"2":4,"3":7},"f":{"0":4,"1":7},"b":{"0":[1],"1":[1],"2":[4]}}
,"/home/pavel/WebstormProjects/clones-react/whats-up/next-test/src/components/UI/Loading.tsx": {"path":"/home/pavel/WebstormProjects/clones-react/whats-up/next-test/src/components/UI/Loading.tsx","statementMap":{"0":{"start":{"line":7,"column":13},"end":{"line":7,"column":23}},"1":{"start":{"line":7,"column":23},"end":{"line":25,"column":null}},"2":{"start":{"line":13,"column":5},"end":{"line":13,"column":null}}},"fnMap":{"0":{"name":"(anonymous_1)","decl":{"start":{"line":7,"column":23},"end":{"line":7,"column":24}},"loc":{"start":{"line":7,"column":24},"end":{"line":25,"column":null}}}},"branchMap":{"0":{"loc":{"start":{"line":9,"column":2},"end":{"line":9,"column":22}},"type":"default-arg","locations":[{"start":{"line":9,"column":10},"end":{"line":9,"column":22}}]},"1":{"loc":{"start":{"line":10,"column":2},"end":{"line":10,"column":16}},"type":"default-arg","locations":[{"start":{"line":10,"column":11},"end":{"line":10,"column":16}}]},"2":{"loc":{"start":{"line":11,"column":2},"end":{"line":11,"column":13}},"type":"default-arg","locations":[{"start":{"line":11,"column":9},"end":{"line":11,"column":13}}]},"3":{"loc":{"start":{"line":12,"column":2},"end":{"line":12,"column":19}},"type":"default-arg","locations":[{"start":{"line":12,"column":9},"end":{"line":12,"column":19}}]},"4":{"loc":{"start":{"line":17,"column":34},"end":{"line":17,"column":53}},"type":"cond-expr","locations":[{"start":{"line":17,"column":41},"end":{"line":17,"column":50}},{"start":{"line":17,"column":50},"end":{"line":17,"column":53}}]},"5":{"loc":{"start":{"line":18,"column":4},"end":{"line":18,"column":null}},"type":"cond-expr","locations":[{"start":{"line":18,"column":13},"end":{"line":18,"column":45}},{"start":{"line":18,"column":45},"end":{"line":18,"column":null}}]}},"s":{"0":2,"1":2,"2":2},"f":{"0":2},"b":{"0":[1],"1":[2],"2":[1],"3":[1],"4":[2,0],"5":[0,2]}}
,"/home/pavel/WebstormProjects/clones-react/whats-up/next-test/src/components/UI/MessageStatus.tsx": {"path":"/home/pavel/WebstormProjects/clones-react/whats-up/next-test/src/components/UI/MessageStatus.tsx","statementMap":{"0":{"start":{"line":7,"column":16},"end":{"line":7,"column":30}},"1":{"start":{"line":1,"column":36},"end":{"line":1,"column":null}}},"fnMap":{"0":{"name":"MessageStatus","decl":{"start":{"line":7,"column":16},"end":{"line":7,"column":30}},"loc":{"start":{"line":7,"column":76},"end":{"line":17,"column":null}}}},"branchMap":{"0":{"loc":{"start":{"line":7,"column":32},"end":{"line":7,"column":54}},"type":"default-arg","locations":[{"start":{"line":7,"column":48},"end":{"line":7,"column":54}}]},"1":{"loc":{"start":{"line":10,"column":4},"end":{"line":10,"column":32}},"type":"binary-expr","locations":[{"start":{"line":10,"column":4},"end":{"line":10,"column":32}}]},"2":{"loc":{"start":{"line":11,"column":4},"end":{"line":11,"column":37}},"type":"binary-expr","locations":[{"start":{"line":11,"column":4},"end":{"line":11,"column":37}}]},"3":{"loc":{"start":{"line":12,"column":4},"end":{"line":12,"column":null}},"type":"binary-expr","locations":[{"start":{"line":12,"column":4},"end":{"line":12,"column":null}}]}},"s":{"0":0,"1":2},"f":{"0":0},"b":{"0":[0],"1":[0],"2":[0],"3":[0]}}
,"/home/pavel/WebstormProjects/clones-react/whats-up/next-test/src/components/UI/PhotoLibrary.tsx": {"path":"/home/pavel/WebstormProjects/clones-react/whats-up/next-test/src/components/UI/PhotoLibrary.tsx","statementMap":{"0":{"start":{"line":17,"column":16},"end":{"line":17,"column":29}},"1":{"start":{"line":1,"column":24},"end":{"line":1,"column":null}},"2":{"start":{"line":3,"column":18},"end":{"line":3,"column":null}},"3":{"start":{"line":25,"column":22},"end":{"line":29,"column":null}},"4":{"start":{"line":26,"column":2},"end":{"line":27,"column":null}},"5":{"start":{"line":26,"column":23},"end":{"line":26,"column":null}},"6":{"start":{"line":27,"column":7},"end":{"line":27,"column":null}},"7":{"start":{"line":28,"column":2},"end":{"line":28,"column":null}},"8":{"start":{"line":38,"column":20},"end":{"line":38,"column":null}},"9":{"start":{"line":46,"column":7},"end":{"line":47,"column":null}},"10":{"start":{"line":48,"column":23},"end":{"line":48,"column":null}},"11":{"start":{"line":61,"column":7},"end":{"line":62,"column":null}},"12":{"start":{"line":63,"column":23},"end":{"line":63,"column":null}}},"fnMap":{"0":{"name":"PhotoLibrary","decl":{"start":{"line":17,"column":16},"end":{"line":17,"column":29}},"loc":{"start":{"line":24,"column":20},"end":{"line":78,"column":null}}},"1":{"name":"(anonymous_3)","decl":{"start":{"line":25,"column":22},"end":{"line":25,"column":23}},"loc":{"start":{"line":25,"column":23},"end":{"line":29,"column":null}}},"2":{"name":"(anonymous_4)","decl":{"start":{"line":38,"column":14},"end":{"line":38,"column":20}},"loc":{"start":{"line":38,"column":20},"end":{"line":38,"column":null}}},"3":{"name":"(anonymous_5)","decl":{"start":{"line":45,"column":20},"end":{"line":45,"column":21}},"loc":{"start":{"line":46,"column":7},"end":{"line":47,"column":null}}},"4":{"name":"(anonymous_6)","decl":{"start":{"line":48,"column":17},"end":{"line":48,"column":23}},"loc":{"start":{"line":48,"column":23},"end":{"line":48,"column":null}}},"5":{"name":"(anonymous_7)","decl":{"start":{"line":60,"column":24},"end":{"line":60,"column":25}},"loc":{"start":{"line":61,"column":7},"end":{"line":62,"column":null}}},"6":{"name":"(anonymous_8)","decl":{"start":{"line":63,"column":17},"end":{"line":63,"column":23}},"loc":{"start":{"line":63,"column":23},"end":{"line":63,"column":null}}}},"branchMap":{"0":{"loc":{"start":{"line":23,"column":1},"end":{"line":23,"column":16}},"type":"default-arg","locations":[{"start":{"line":23,"column":8},"end":{"line":23,"column":16}}]},"1":{"loc":{"start":{"line":26,"column":2},"end":{"line":27,"column":null}},"type":"if","locations":[{"start":{"line":26,"column":2},"end":{"line":27,"column":null}},{"start":{"line":27,"column":7},"end":{"line":27,"column":null}}]},"2":{"loc":{"start":{"line":33,"column":4},"end":{"line":33,"column":null}},"type":"cond-expr","locations":[{"start":{"line":33,"column":22},"end":{"line":33,"column":34}},{"start":{"line":33,"column":34},"end":{"line":33,"column":null}}]},"3":{"loc":{"start":{"line":44,"column":6},"end":{"line":47,"column":null}},"type":"binary-expr","locations":[{"start":{"line":44,"column":6},"end":{"line":44,"column":null}},{"start":{"line":45,"column":6},"end":{"line":47,"column":null}}]},"4":{"loc":{"start":{"line":59,"column":6},"end":{"line":62,"column":null}},"type":"binary-expr","locations":[{"start":{"line":59,"column":6},"end":{"line":59,"column":null}},{"start":{"line":60,"column":6},"end":{"line":62,"column":null}}]}},"s":{"0":0,"1":3,"2":3,"3":0,"4":0,"5":0,"6":0,"7":0,"8":0,"9":0,"10":0,"11":0,"12":0},"f":{"0":0,"1":0,"2":0,"3":0,"4":0,"5":0,"6":0},"b":{"0":[0],"1":[0,0],"2":[0,0],"3":[0,0],"4":[0,0]}}
,"/home/pavel/WebstormProjects/clones-react/whats-up/next-test/src/components/UI/PhotoPicker.tsx": {"path":"/home/pavel/WebstormProjects/clones-react/whats-up/next-test/src/components/UI/PhotoPicker.tsx","statementMap":{"0":{"start":{"line":7,"column":16},"end":{"line":7,"column":28}}},"fnMap":{"0":{"name":"PhotoPicker","decl":{"start":{"line":7,"column":16},"end":{"line":7,"column":28}},"loc":{"start":{"line":7,"column":73},"end":{"line":17,"column":null}}}},"branchMap":{},"s":{"0":0},"f":{"0":0},"b":{}}
,"/home/pavel/WebstormProjects/clones-react/whats-up/next-test/src/components/UI/Popup.tsx": {"path":"/home/pavel/WebstormProjects/clones-react/whats-up/next-test/src/components/UI/Popup.tsx","statementMap":{"0":{"start":{"line":3,"column":13},"end":{"line":3,"column":21}},"1":{"start":{"line":3,"column":21},"end":{"line":12,"column":null}}},"fnMap":{"0":{"name":"(anonymous_1)","decl":{"start":{"line":3,"column":21},"end":{"line":3,"column":22}},"loc":{"start":{"line":3,"column":53},"end":{"line":12,"column":null}}}},"branchMap":{},"s":{"0":2,"1":2},"f":{"0":2},"b":{}}
,"/home/pavel/WebstormProjects/clones-react/whats-up/next-test/src/components/UI/Skeleton.tsx": {"path":"/home/pavel/WebstormProjects/clones-react/whats-up/next-test/src/components/UI/Skeleton.tsx","statementMap":{"0":{"start":{"line":9,"column":13},"end":{"line":9,"column":24}},"1":{"start":{"line":1,"column":36},"end":{"line":1,"column":null}},"2":{"start":{"line":9,"column":24},"end":{"line":37,"column":null}},"3":{"start":{"line":10,"column":35},"end":{"line":10,"column":null}},"4":{"start":{"line":12,"column":31},"end":{"line":16,"column":null}}},"fnMap":{"0":{"name":"(anonymous_1)","decl":{"start":{"line":9,"column":29},"end":{"line":9,"column":30}},"loc":{"start":{"line":9,"column":30},"end":{"line":37,"column":null}}}},"branchMap":{},"s":{"0":2,"1":1,"2":1,"3":2,"4":2},"f":{"0":2},"b":{}}
,"/home/pavel/WebstormProjects/clones-react/whats-up/next-test/src/constants/constants.ts": {"path":"/home/pavel/WebstormProjects/clones-react/whats-up/next-test/src/constants/constants.ts","statementMap":{"0":{"start":{"line":1,"column":13},"end":{"line":1,"column":25}},"1":{"start":{"line":2,"column":13},"end":{"line":2,"column":27}},"2":{"start":{"line":3,"column":13},"end":{"line":3,"column":33}},"3":{"start":{"line":4,"column":13},"end":{"line":4,"column":33}},"4":{"start":{"line":5,"column":13},"end":{"line":5,"column":28}},"5":{"start":{"line":6,"column":13},"end":{"line":6,"column":41}},"6":{"start":{"line":8,"column":13},"end":{"line":8,"column":25}},"7":{"start":{"line":9,"column":13},"end":{"line":9,"column":27}},"8":{"start":{"line":10,"column":13},"end":{"line":10,"column":27}},"9":{"start":{"line":1,"column":36},"end":{"line":1,"column":null}},"10":{"start":{"line":2,"column":38},"end":{"line":2,"column":null}},"11":{"start":{"line":3,"column":44},"end":{"line":3,"column":null}},"12":{"start":{"line":4,"column":44},"end":{"line":4,"column":null}},"13":{"start":{"line":5,"column":39},"end":{"line":5,"column":null}},"14":{"start":{"line":7,"column":1},"end":{"line":7,"column":null}},"15":{"start":{"line":8,"column":36},"end":{"line":8,"column":null}},"16":{"start":{"line":9,"column":38},"end":{"line":9,"column":null}},"17":{"start":{"line":10,"column":38},"end":{"line":10,"column":null}}},"fnMap":{},"branchMap":{},"s":{"0":0,"1":0,"2":0,"3":0,"4":0,"5":0,"6":0,"7":0,"8":0,"9":3,"10":3,"11":3,"12":3,"13":3,"14":3,"15":3,"16":3,"17":3},"f":{},"b":{}}
,"/home/pavel/WebstormProjects/clones-react/whats-up/next-test/src/hooks/useActions.ts": {"path":"/home/pavel/WebstormProjects/clones-react/whats-up/next-test/src/hooks/useActions.ts","statementMap":{"0":{"start":{"line":6,"column":13},"end":{"line":6,"column":26}},"1":{"start":{"line":1,"column":28},"end":{"line":1,"column":null}},"2":{"start":{"line":2,"column":24},"end":{"line":2,"column":null}},"3":{"start":{"line":3,"column":35},"end":{"line":3,"column":null}},"4":{"start":{"line":4,"column":28},"end":{"line":4,"column":null}},"5":{"start":{"line":6,"column":26},"end":{"line":9,"column":null}},"6":{"start":{"line":7,"column":18},"end":{"line":7,"column":null}},"7":{"start":{"line":8,"column":1},"end":{"line":8,"column":null}},"8":{"start":{"line":8,"column":22},"end":{"line":8,"column":65}}},"fnMap":{"0":{"name":"(anonymous_1)","decl":{"start":{"line":6,"column":26},"end":{"line":6,"column":null}},"loc":{"start":{"line":6,"column":26},"end":{"line":9,"column":null}}},"1":{"name":"(anonymous_2)","decl":{"start":{"line":8,"column":16},"end":{"line":8,"column":22}},"loc":{"start":{"line":8,"column":22},"end":{"line":8,"column":65}}}},"branchMap":{},"s":{"0":267,"1":4,"2":4,"3":4,"4":4,"5":4,"6":267,"7":267,"8":30},"f":{"0":267,"1":30},"b":{}}
,"/home/pavel/WebstormProjects/clones-react/whats-up/next-test/src/hooks/useContextMenu.ts": {"path":"/home/pavel/WebstormProjects/clones-react/whats-up/next-test/src/hooks/useContextMenu.ts","statementMap":{"0":{"start":{"line":7,"column":13},"end":{"line":7,"column":30}},"1":{"start":{"line":1,"column":26},"end":{"line":1,"column":null}},"2":{"start":{"line":2,"column":24},"end":{"line":2,"column":null}},"3":{"start":{"line":3,"column":27},"end":{"line":3,"column":null}},"4":{"start":{"line":4,"column":29},"end":{"line":4,"column":null}},"5":{"start":{"line":5,"column":29},"end":{"line":5,"column":null}},"6":{"start":{"line":7,"column":30},"end":{"line":67,"column":null}},"7":{"start":{"line":8,"column":22},"end":{"line":8,"column":null}},"8":{"start":{"line":9,"column":50},"end":{"line":13,"column":null}},"9":{"start":{"line":14,"column":49},"end":{"line":14,"column":null}},"10":{"start":{"line":15,"column":57},"end":{"line":15,"column":null}},"11":{"start":{"line":16,"column":41},"end":{"line":16,"column":null}},"12":{"start":{"line":18,"column":28},"end":{"line":45,"column":null}},"13":{"start":{"line":19,"column":8},"end":{"line":44,"column":null}},"14":{"start":{"line":23,"column":5},"end":{"line":23,"column":null}},"15":{"start":{"line":29,"column":5},"end":{"line":29,"column":null}},"16":{"start":{"line":35,"column":5},"end":{"line":35,"column":null}},"17":{"start":{"line":41,"column":5},"end":{"line":41,"column":null}},"18":{"start":{"line":47,"column":1},"end":{"line":66,"column":null}}},"fnMap":{"0":{"name":"(anonymous_1)","decl":{"start":{"line":7,"column":30},"end":{"line":7,"column":null}},"loc":{"start":{"line":7,"column":30},"end":{"line":67,"column":null}}},"1":{"name":"(anonymous_2)","decl":{"start":{"line":19,"column":2},"end":{"line":19,"column":8}},"loc":{"start":{"line":19,"column":8},"end":{"line":44,"column":null}}},"2":{"name":"(anonymous_3)","decl":{"start":{"line":22,"column":14},"end":{"line":22,"column":null}},"loc":{"start":{"line":22,"column":14},"end":{"line":24,"column":null}}},"3":{"name":"(anonymous_4)","decl":{"start":{"line":28,"column":14},"end":{"line":28,"column":null}},"loc":{"start":{"line":28,"column":14},"end":{"line":30,"column":null}}},"4":{"name":"(anonymous_5)","decl":{"start":{"line":34,"column":14},"end":{"line":34,"column":null}},"loc":{"start":{"line":34,"column":14},"end":{"line":36,"column":null}}},"5":{"name":"(anonymous_6)","decl":{"start":{"line":40,"column":14},"end":{"line":40,"column":null}},"loc":{"start":{"line":40,"column":14},"end":{"line":42,"column":null}}}},"branchMap":{},"s":{"0":0,"1":3,"2":3,"3":3,"4":3,"5":3,"6":3,"7":0,"8":0,"9":0,"10":0,"11":0,"12":0,"13":0,"14":0,"15":0,"16":0,"17":0,"18":0},"f":{"0":0,"1":0,"2":0,"3":0,"4":0,"5":0},"b":{}}
,"/home/pavel/WebstormProjects/clones-react/whats-up/next-test/src/hooks/useGrabPhoto.ts": {"path":"/home/pavel/WebstormProjects/clones-react/whats-up/next-test/src/hooks/useGrabPhoto.ts","statementMap":{"0":{"start":{"line":10,"column":13},"end":{"line":10,"column":28}},"1":{"start":{"line":1,"column":39},"end":{"line":1,"column":null}},"2":{"start":{"line":2,"column":26},"end":{"line":2,"column":null}},"3":{"start":{"line":10,"column":28},"end":{"line":55,"column":null}},"4":{"start":{"line":15,"column":48},"end":{"line":15,"column":null}},"5":{"start":{"line":16,"column":1},"end":{"line":24,"column":null}},"6":{"start":{"line":17,"column":2},"end":{"line":23,"column":null}},"7":{"start":{"line":18,"column":16},"end":{"line":18,"column":null}},"8":{"start":{"line":19,"column":3},"end":{"line":19,"column":null}},"9":{"start":{"line":19,"column":13},"end":{"line":19,"column":null}},"10":{"start":{"line":20,"column":3},"end":{"line":22,"column":null}},"11":{"start":{"line":21,"column":4},"end":{"line":21,"column":null}},"12":{"start":{"line":25,"column":21},"end":{"line":53,"column":null}},"13":{"start":{"line":26,"column":2},"end":{"line":26,"column":null}},"14":{"start":{"line":26,"column":23},"end":{"line":26,"column":null}},"15":{"start":{"line":27,"column":15},"end":{"line":27,"column":32}},"16":{"start":{"line":28,"column":2},"end":{"line":45,"column":null}},"17":{"start":{"line":29,"column":18},"end":{"line":29,"column":null}},"18":{"start":{"line":30,"column":16},"end":{"line":30,"column":null}},"19":{"start":{"line":31,"column":3},"end":{"line":38,"column":null}},"20":{"start":{"line":32,"column":4},"end":{"line":32,"column":null}},"21":{"start":{"line":32,"column":32},"end":{"line":32,"column":null}},"22":{"start":{"line":33,"column":16},"end":{"line":33,"column":35}},"23":{"start":{"line":34,"column":4},"end":{"line":37,"column":null}},"24":{"start":{"line":35,"column":5},"end":{"line":35,"column":null}},"25":{"start":{"line":36,"column":5},"end":{"line":36,"column":null}},"26":{"start":{"line":39,"column":3},"end":{"line":39,"column":null}},"27":{"start":{"line":40,"column":3},"end":{"line":44,"column":null}},"28":{"start":{"line":41,"column":4},"end":{"line":43,"column":null}},"29":{"start":{"line":42,"column":5},"end":{"line":42,"column":null}},"30":{"start":{"line":46,"column":2},"end":{"line":52,"column":null}},"31":{"start":{"line":47,"column":20},"end":{"line":47,"column":null}},"32":{"start":{"line":48,"column":3},"end":{"line":48,"column":null}},"33":{"start":{"line":49,"column":3},"end":{"line":51,"column":null}},"34":{"start":{"line":50,"column":4},"end":{"line":50,"column":null}},"35":{"start":{"line":54,"column":1},"end":{"line":54,"column":null}}},"fnMap":{"0":{"name":"(anonymous_1)","decl":{"start":{"line":10,"column":28},"end":{"line":10,"column":29}},"loc":{"start":{"line":14,"column":8},"end":{"line":55,"column":null}}},"1":{"name":"(anonymous_2)","decl":{"start":{"line":16,"column":11},"end":{"line":16,"column":null}},"loc":{"start":{"line":16,"column":11},"end":{"line":24,"column":4}}},"2":{"name":"(anonymous_3)","decl":{"start":{"line":20,"column":27},"end":{"line":20,"column":null}},"loc":{"start":{"line":20,"column":27},"end":{"line":22,"column":null}}},"3":{"name":"(anonymous_4)","decl":{"start":{"line":25,"column":21},"end":{"line":25,"column":28}},"loc":{"start":{"line":25,"column":28},"end":{"line":53,"column":null}}},"4":{"name":"(anonymous_5)","decl":{"start":{"line":31,"column":19},"end":{"line":31,"column":29}},"loc":{"start":{"line":31,"column":34},"end":{"line":38,"column":null}}},"5":{"name":"(anonymous_6)","decl":{"start":{"line":40,"column":14},"end":{"line":40,"column":null}},"loc":{"start":{"line":40,"column":14},"end":{"line":44,"column":6}}}},"branchMap":{"0":{"loc":{"start":{"line":12,"column":1},"end":{"line":12,"column":27}},"type":"default-arg","locations":[{"start":{"line":12,"column":14},"end":{"line":12,"column":27}}]},"1":{"loc":{"start":{"line":17,"column":2},"end":{"line":23,"column":null}},"type":"if","locations":[{"start":{"line":17,"column":2},"end":{"line":23,"column":null}}]},"2":{"loc":{"start":{"line":18,"column":16},"end":{"line":18,"column":null}},"type":"binary-expr","locations":[{"start":{"line":18,"column":16},"end":{"line":18,"column":64}},{"start":{"line":18,"column":64},"end":{"line":18,"column":null}}]},"3":{"loc":{"start":{"line":18,"column":40},"end":{"line":18,"column":64}},"type":"binary-expr","locations":[{"start":{"line":18,"column":40},"end":{"line":18,"column":57}},{"start":{"line":18,"column":57},"end":{"line":18,"column":64}}]},"4":{"loc":{"start":{"line":19,"column":3},"end":{"line":19,"column":null}},"type":"if","locations":[{"start":{"line":19,"column":3},"end":{"line":19,"column":null}}]},"5":{"loc":{"start":{"line":26,"column":2},"end":{"line":26,"column":null}},"type":"if","locations":[{"start":{"line":26,"column":2},"end":{"line":26,"column":null}}]},"6":{"loc":{"start":{"line":28,"column":2},"end":{"line":45,"column":null}},"type":"if","locations":[{"start":{"line":28,"column":2},"end":{"line":45,"column":null}}]},"7":{"loc":{"start":{"line":32,"column":4},"end":{"line":32,"column":null}},"type":"if","locations":[{"start":{"line":32,"column":4},"end":{"line":32,"column":null}}]},"8":{"loc":{"start":{"line":34,"column":4},"end":{"line":37,"column":null}},"type":"if","locations":[{"start":{"line":34,"column":4},"end":{"line":37,"column":null}}]},"9":{"loc":{"start":{"line":41,"column":4},"end":{"line":43,"column":null}},"type":"if","locations":[{"start":{"line":41,"column":4},"end":{"line":43,"column":null}}]},"10":{"loc":{"start":{"line":46,"column":2},"end":{"line":52,"column":null}},"type":"if","locations":[{"start":{"line":46,"column":2},"end":{"line":52,"column":null}}]},"11":{"loc":{"start":{"line":49,"column":3},"end":{"line":51,"column":null}},"type":"if","locations":[{"start":{"line":49,"column":3},"end":{"line":51,"column":null}}]}},"s":{"0":0,"1":3,"2":3,"3":3,"4":0,"5":0,"6":0,"7":0,"8":0,"9":0,"10":0,"11":0,"12":0,"13":0,"14":0,"15":0,"16":0,"17":0,"18":0,"19":0,"20":0,"21":0,"22":0,"23":0,"24":0,"25":0,"26":0,"27":0,"28":0,"29":0,"30":0,"31":0,"32":0,"33":0,"34":0,"35":0},"f":{"0":0,"1":0,"2":0,"3":0,"4":0,"5":0},"b":{"0":[0],"1":[0],"2":[0,0],"3":[0,0],"4":[0],"5":[0],"6":[0],"7":[0],"8":[0],"9":[0],"10":[0],"11":[0]}}
,"/home/pavel/WebstormProjects/clones-react/whats-up/next-test/src/hooks/useHandleClickOutSide.ts": {"path":"/home/pavel/WebstormProjects/clones-react/whats-up/next-test/src/hooks/useHandleClickOutSide.ts","statementMap":{"0":{"start":{"line":9,"column":13},"end":{"line":9,"column":37}},"1":{"start":{"line":1,"column":52},"end":{"line":1,"column":null}},"2":{"start":{"line":9,"column":37},"end":{"line":31,"column":null}},"3":{"start":{"line":14,"column":42},"end":{"line":14,"column":null}},"4":{"start":{"line":15,"column":1},"end":{"line":28,"column":null}},"5":{"start":{"line":16,"column":29},"end":{"line":25,"column":null}},"6":{"start":{"line":21,"column":3},"end":{"line":24,"column":null}},"7":{"start":{"line":22,"column":4},"end":{"line":24,"column":null}},"8":{"start":{"line":23,"column":5},"end":{"line":23,"column":null}},"9":{"start":{"line":26,"column":2},"end":{"line":26,"column":null}},"10":{"start":{"line":27,"column":2},"end":{"line":27,"column":null}},"11":{"start":{"line":27,"column":15},"end":{"line":27,"column":null}},"12":{"start":{"line":30,"column":1},"end":{"line":30,"column":null}}},"fnMap":{"0":{"name":"(anonymous_4)","decl":{"start":{"line":9,"column":37},"end":{"line":9,"column":38}},"loc":{"start":{"line":13,"column":25},"end":{"line":31,"column":null}}},"1":{"name":"(anonymous_5)","decl":{"start":{"line":15,"column":11},"end":{"line":15,"column":null}},"loc":{"start":{"line":15,"column":11},"end":{"line":28,"column":4}}},"2":{"name":"(anonymous_6)","decl":{"start":{"line":16,"column":29},"end":{"line":16,"column":null}},"loc":{"start":{"line":17,"column":3},"end":{"line":25,"column":null}}},"3":{"name":"(anonymous_7)","decl":{"start":{"line":27,"column":9},"end":{"line":27,"column":15}},"loc":{"start":{"line":27,"column":15},"end":{"line":27,"column":null}}}},"branchMap":{"0":{"loc":{"start":{"line":21,"column":3},"end":{"line":24,"column":null}},"type":"if","locations":[{"start":{"line":21,"column":3},"end":{"line":24,"column":null}}]},"1":{"loc":{"start":{"line":22,"column":4},"end":{"line":24,"column":null}},"type":"if","locations":[{"start":{"line":22,"column":4},"end":{"line":24,"column":null}}]},"2":{"loc":{"start":{"line":22,"column":8},"end":{"line":22,"column":71}},"type":"binary-expr","locations":[{"start":{"line":22,"column":8},"end":{"line":22,"column":19}},{"start":{"line":22,"column":23},"end":{"line":22,"column":71}}]}},"s":{"0":0,"1":3,"2":3,"3":0,"4":0,"5":0,"6":0,"7":0,"8":0,"9":0,"10":0,"11":0,"12":0},"f":{"0":0,"1":0,"2":0,"3":0},"b":{"0":[0],"1":[0],"2":[0,0]}}
,"/home/pavel/WebstormProjects/clones-react/whats-up/next-test/src/hooks/useToggle.ts": {"path":"/home/pavel/WebstormProjects/clones-react/whats-up/next-test/src/hooks/useToggle.ts","statementMap":{"0":{"start":{"line":3,"column":16},"end":{"line":3,"column":null}},"1":{"start":{"line":1,"column":64},"end":{"line":1,"column":null}},"2":{"start":{"line":6,"column":27},"end":{"line":6,"column":null}},"3":{"start":{"line":7,"column":18},"end":{"line":7,"column":null}},"4":{"start":{"line":7,"column":36},"end":{"line":7,"column":61}},"5":{"start":{"line":7,"column":53},"end":{"line":7,"column":61}},"6":{"start":{"line":8,"column":1},"end":{"line":8,"column":null}}},"fnMap":{"0":{"name":"useToggle","decl":{"start":{"line":3,"column":16},"end":{"line":3,"column":null}},"loc":{"start":{"line":4,"column":23},"end":{"line":9,"column":null}}},"1":{"name":"(anonymous_2)","decl":{"start":{"line":7,"column":30},"end":{"line":7,"column":36}},"loc":{"start":{"line":7,"column":36},"end":{"line":7,"column":61}}},"2":{"name":"(anonymous_3)","decl":{"start":{"line":7,"column":45},"end":{"line":7,"column":53}},"loc":{"start":{"line":7,"column":53},"end":{"line":7,"column":61}}}},"branchMap":{},"s":{"0":4,"1":3,"2":4,"3":4,"4":0,"5":0,"6":4},"f":{"0":4,"1":0,"2":0},"b":{}}
,"/home/pavel/WebstormProjects/clones-react/whats-up/next-test/src/service/ApiRoutes.ts": {"path":"/home/pavel/WebstormProjects/clones-react/whats-up/next-test/src/service/ApiRoutes.ts","statementMap":{"0":{"start":{"line":20,"column":13},"end":{"line":20,"column":24}},"1":{"start":{"line":34,"column":13},"end":{"line":34,"column":24}},"2":{"start":{"line":45,"column":13},"end":{"line":45,"column":27}},"3":{"start":{"line":1,"column":37},"end":{"line":1,"column":null}},"4":{"start":{"line":18,"column":7},"end":{"line":18,"column":null}},"5":{"start":{"line":20,"column":27},"end":{"line":33,"column":null}},"6":{"start":{"line":24,"column":2},"end":{"line":26,"column":null}},"7":{"start":{"line":29,"column":2},"end":{"line":30,"column":null}},"8":{"start":{"line":34,"column":27},"end":{"line":44,"column":null}},"9":{"start":{"line":36,"column":16},"end":{"line":36,"column":null}},"10":{"start":{"line":37,"column":2},"end":{"line":37,"column":null}},"11":{"start":{"line":40,"column":2},"end":{"line":42,"column":null}},"12":{"start":{"line":45,"column":30},"end":{"line":107,"column":null}},"13":{"start":{"line":51,"column":2},"end":{"line":60,"column":null}},"14":{"start":{"line":52,"column":20},"end":{"line":56,"column":null}},"15":{"start":{"line":57,"column":3},"end":{"line":57,"column":null}},"16":{"start":{"line":59,"column":3},"end":{"line":59,"column":null}},"17":{"start":{"line":63,"column":2},"end":{"line":70,"column":null}},"18":{"start":{"line":64,"column":20},"end":{"line":65,"column":null}},"19":{"start":{"line":67,"column":3},"end":{"line":67,"column":null}},"20":{"start":{"line":69,"column":3},"end":{"line":69,"column":null}},"21":{"start":{"line":75,"column":2},"end":{"line":75,"column":null}},"22":{"start":{"line":82,"column":2},"end":{"line":90,"column":null}},"23":{"start":{"line":97,"column":2},"end":{"line":105,"column":null}}},"fnMap":{"0":{"name":"(anonymous_5)","decl":{"start":{"line":21,"column":1},"end":{"line":21,"column":7}},"loc":{"start":{"line":22,"column":34},"end":{"line":27,"column":null}}},"1":{"name":"(anonymous_6)","decl":{"start":{"line":28,"column":1},"end":{"line":28,"column":7}},"loc":{"start":{"line":28,"column":31},"end":{"line":32,"column":null}}},"2":{"name":"(anonymous_7)","decl":{"start":{"line":35,"column":1},"end":{"line":35,"column":7}},"loc":{"start":{"line":35,"column":7},"end":{"line":38,"column":null}}},"3":{"name":"(anonymous_8)","decl":{"start":{"line":39,"column":1},"end":{"line":39,"column":7}},"loc":{"start":{"line":39,"column":29},"end":{"line":43,"column":null}}},"4":{"name":"(anonymous_9)","decl":{"start":{"line":46,"column":1},"end":{"line":46,"column":7}},"loc":{"start":{"line":50,"column":2},"end":{"line":61,"column":null}}},"5":{"name":"(anonymous_10)","decl":{"start":{"line":62,"column":1},"end":{"line":62,"column":7}},"loc":{"start":{"line":62,"column":40},"end":{"line":71,"column":null}}},"6":{"name":"(anonymous_11)","decl":{"start":{"line":72,"column":1},"end":{"line":72,"column":7}},"loc":{"start":{"line":73,"column":14},"end":{"line":76,"column":null}}},"7":{"name":"(anonymous_12)","decl":{"start":{"line":77,"column":1},"end":{"line":77,"column":7}},"loc":{"start":{"line":80,"column":26},"end":{"line":91,"column":null}}},"8":{"name":"(anonymous_13)","decl":{"start":{"line":92,"column":1},"end":{"line":92,"column":7}},"loc":{"start":{"line":95,"column":45},"end":{"line":106,"column":null}}}},"branchMap":{},"s":{"0":0,"1":4,"2":0,"3":4,"4":4,"5":4,"6":0,"7":0,"8":4,"9":4,"10":4,"11":0,"12":4,"13":0,"14":0,"15":0,"16":0,"17":0,"18":0,"19":0,"20":0,"21":0,"22":0,"23":0},"f":{"0":0,"1":0,"2":4,"3":0,"4":0,"5":0,"6":0,"7":0,"8":0},"b":{}}
,"/home/pavel/WebstormProjects/clones-react/whats-up/next-test/src/service/LocalStorageService.ts": {"path":"/home/pavel/WebstormProjects/clones-react/whats-up/next-test/src/service/LocalStorageService.ts","statementMap":{"0":{"start":{"line":5,"column":13},"end":{"line":5,"column":35}},"1":{"start":{"line":3,"column":21},"end":{"line":3,"column":null}},"2":{"start":{"line":4,"column":16},"end":{"line":4,"column":null}},"3":{"start":{"line":5,"column":35},"end":{"line":31,"column":null}},"4":{"start":{"line":7,"column":2},"end":{"line":11,"column":null}},"5":{"start":{"line":8,"column":16},"end":{"line":8,"column":null}},"6":{"start":{"line":9,"column":3},"end":{"line":10,"column":null}},"7":{"start":{"line":9,"column":29},"end":{"line":9,"column":null}},"8":{"start":{"line":10,"column":8},"end":{"line":10,"column":null}},"9":{"start":{"line":14,"column":2},"end":{"line":14,"column":null}},"10":{"start":{"line":17,"column":2},"end":{"line":17,"column":null}},"11":{"start":{"line":20,"column":2},"end":{"line":20,"column":null}},"12":{"start":{"line":23,"column":2},"end":{"line":23,"column":null}},"13":{"start":{"line":26,"column":2},"end":{"line":26,"column":null}},"14":{"start":{"line":29,"column":2},"end":{"line":29,"column":null}}},"fnMap":{"0":{"name":"(anonymous_1)","decl":{"start":{"line":6,"column":1},"end":{"line":6,"column":null}},"loc":{"start":{"line":6,"column":1},"end":{"line":12,"column":null}}},"1":{"name":"(anonymous_2)","decl":{"start":{"line":13,"column":1},"end":{"line":13,"column":null}},"loc":{"start":{"line":13,"column":1},"end":{"line":15,"column":null}}},"2":{"name":"(anonymous_3)","decl":{"start":{"line":16,"column":1},"end":{"line":16,"column":null}},"loc":{"start":{"line":16,"column":1},"end":{"line":18,"column":null}}},"3":{"name":"(anonymous_4)","decl":{"start":{"line":19,"column":1},"end":{"line":19,"column":21}},"loc":{"start":{"line":19,"column":32},"end":{"line":21,"column":null}}},"4":{"name":"(anonymous_5)","decl":{"start":{"line":22,"column":1},"end":{"line":22,"column":null}},"loc":{"start":{"line":22,"column":1},"end":{"line":24,"column":null}}},"5":{"name":"(anonymous_6)","decl":{"start":{"line":25,"column":1},"end":{"line":25,"column":11}},"loc":{"start":{"line":25,"column":24},"end":{"line":27,"column":null}}},"6":{"name":"(anonymous_7)","decl":{"start":{"line":28,"column":1},"end":{"line":28,"column":null}},"loc":{"start":{"line":28,"column":1},"end":{"line":30,"column":null}}}},"branchMap":{"0":{"loc":{"start":{"line":7,"column":2},"end":{"line":11,"column":null}},"type":"if","locations":[{"start":{"line":7,"column":2},"end":{"line":11,"column":null}}]},"1":{"loc":{"start":{"line":9,"column":3},"end":{"line":10,"column":null}},"type":"if","locations":[{"start":{"line":9,"column":3},"end":{"line":10,"column":null}},{"start":{"line":10,"column":8},"end":{"line":10,"column":null}}]},"2":{"loc":{"start":{"line":10,"column":15},"end":{"line":10,"column":null}},"type":"binary-expr","locations":[{"start":{"line":10,"column":15},"end":{"line":10,"column":43}},{"start":{"line":10,"column":43},"end":{"line":10,"column":null}}]},"3":{"loc":{"start":{"line":10,"column":26},"end":{"line":10,"column":43}},"type":"binary-expr","locations":[{"start":{"line":10,"column":26},"end":{"line":10,"column":34}},{"start":{"line":10,"column":34},"end":{"line":10,"column":43}}]}},"s":{"0":0,"1":4,"2":4,"3":4,"4":0,"5":0,"6":0,"7":0,"8":0,"9":0,"10":0,"11":0,"12":0,"13":0,"14":0},"f":{"0":0,"1":0,"2":0,"3":0,"4":0,"5":0,"6":0},"b":{"0":[0],"1":[0,0],"2":[0,0],"3":[0,0]}}
,"/home/pavel/WebstormProjects/clones-react/whats-up/next-test/src/service/const.ts": {"path":"/home/pavel/WebstormProjects/clones-react/whats-up/next-test/src/service/const.ts","statementMap":{"0":{"start":{"line":1,"column":13},"end":{"line":1,"column":17}},"1":{"start":{"line":5,"column":13},"end":{"line":5,"column":29}},"2":{"start":{"line":6,"column":13},"end":{"line":6,"column":33}},"3":{"start":{"line":7,"column":13},"end":{"line":7,"column":31}},"4":{"start":{"line":8,"column":13},"end":{"line":8,"column":26}},"5":{"start":{"line":9,"column":13},"end":{"line":9,"column":25}},"6":{"start":{"line":10,"column":13},"end":{"line":10,"column":25}},"7":{"start":{"line":11,"column":13},"end":{"line":11,"column":25}},"8":{"start":{"line":12,"column":13},"end":{"line":12,"column":30}},"9":{"start":{"line":13,"column":13},"end":{"line":13,"column":30}},"10":{"start":{"line":1,"column":20},"end":{"line":1,"column":40}},"11":{"start":{"line":2,"column":19},"end":{"line":2,"column":37}},"12":{"start":{"line":3,"column":23},"end":{"line":3,"column":45}},"13":{"start":{"line":5,"column":32},"end":{"line":5,"column":58}},"14":{"start":{"line":6,"column":36},"end":{"line":6,"column":66}},"15":{"start":{"line":7,"column":34},"end":{"line":7,"column":62}},"16":{"start":{"line":8,"column":29},"end":{"line":8,"column":59}},"17":{"start":{"line":9,"column":28},"end":{"line":9,"column":59}},"18":{"start":{"line":10,"column":28},"end":{"line":10,"column":60}},"19":{"start":{"line":11,"column":28},"end":{"line":11,"column":60}},"20":{"start":{"line":12,"column":33},"end":{"line":12,"column":70}},"21":{"start":{"line":13,"column":33},"end":{"line":13,"column":70}}},"fnMap":{},"branchMap":{},"s":{"0":0,"1":0,"2":0,"3":0,"4":4,"5":0,"6":0,"7":0,"8":0,"9":0,"10":4,"11":4,"12":4,"13":4,"14":4,"15":4,"16":4,"17":4,"18":4,"19":4,"20":4,"21":4},"f":{},"b":{}}
,"/home/pavel/WebstormProjects/clones-react/whats-up/next-test/src/store/root-action.ts": {"path":"/home/pavel/WebstormProjects/clones-react/whats-up/next-test/src/store/root-action.ts","statementMap":{"0":{"start":{"line":9,"column":13},"end":{"line":9,"column":27}},"1":{"start":{"line":1,"column":26},"end":{"line":1,"column":null}},"2":{"start":{"line":2,"column":34},"end":{"line":2,"column":null}},"3":{"start":{"line":3,"column":37},"end":{"line":3,"column":null}},"4":{"start":{"line":4,"column":34},"end":{"line":4,"column":null}},"5":{"start":{"line":6,"column":29},"end":{"line":6,"column":null}},"6":{"start":{"line":7,"column":26},"end":{"line":7,"column":null}},"7":{"start":{"line":9,"column":27},"end":{"line":16,"column":null}}},"fnMap":{},"branchMap":{},"s":{"0":30,"1":4,"2":4,"3":4,"4":4,"5":4,"6":4,"7":4},"f":{},"b":{}}
,"/home/pavel/WebstormProjects/clones-react/whats-up/next-test/src/store/store.ts": {"path":"/home/pavel/WebstormProjects/clones-react/whats-up/next-test/src/store/store.ts","statementMap":{"0":{"start":{"line":12,"column":13},"end":{"line":12,"column":21}},"1":{"start":{"line":1,"column":26},"end":{"line":1,"column":null}},"2":{"start":{"line":2,"column":29},"end":{"line":2,"column":null}},"3":{"start":{"line":3,"column":32},"end":{"line":3,"column":null}},"4":{"start":{"line":4,"column":31},"end":{"line":4,"column":null}},"5":{"start":{"line":5,"column":26},"end":{"line":5,"column":null}},"6":{"start":{"line":7,"column":20},"end":{"line":11,"column":null}},"7":{"start":{"line":12,"column":21},"end":{"line":22,"column":null}},"8":{"start":{"line":13,"column":1},"end":{"line":21,"column":null}},"9":{"start":{"line":18,"column":3},"end":{"line":20,"column":null}}},"fnMap":{"0":{"name":"(anonymous_1)","decl":{"start":{"line":12,"column":21},"end":{"line":12,"column":22}},"loc":{"start":{"line":12,"column":39},"end":{"line":22,"column":null}}},"1":{"name":"(anonymous_2)","decl":{"start":{"line":17,"column":14},"end":{"line":17,"column":null}},"loc":{"start":{"line":18,"column":3},"end":{"line":20,"column":null}}}},"branchMap":{"0":{"loc":{"start":{"line":12,"column":22},"end":{"line":12,"column":39}},"type":"default-arg","locations":[{"start":{"line":12,"column":37},"end":{"line":12,"column":39}}]}},"s":{"0":8,"1":3,"2":3,"3":3,"4":3,"5":3,"6":3,"7":3,"8":8,"9":8},"f":{"0":8,"1":8},"b":{"0":[0]}}
,"/home/pavel/WebstormProjects/clones-react/whats-up/next-test/src/store/call/call.action.ts": {"path":"/home/pavel/WebstormProjects/clones-react/whats-up/next-test/src/store/call/call.action.ts","statementMap":{"0":{"start":{"line":4,"column":13},"end":{"line":4,"column":33}},"1":{"start":{"line":1,"column":33},"end":{"line":1,"column":null}},"2":{"start":{"line":2,"column":28},"end":{"line":2,"column":null}},"3":{"start":{"line":4,"column":33},"end":{"line":15,"column":null}},"4":{"start":{"line":7,"column":2},"end":{"line":14,"column":null}},"5":{"start":{"line":10,"column":7},"end":{"line":10,"column":null}},"6":{"start":{"line":11,"column":3},"end":{"line":11,"column":null}},"7":{"start":{"line":13,"column":3},"end":{"line":13,"column":null}}},"fnMap":{"0":{"name":"(anonymous_1)","decl":{"start":{"line":6,"column":1},"end":{"line":6,"column":8}},"loc":{"start":{"line":6,"column":12},"end":{"line":15,"column":null}}}},"branchMap":{},"s":{"0":7,"1":4,"2":4,"3":4,"4":0,"5":0,"6":0,"7":0},"f":{"0":0},"b":{}}
,"/home/pavel/WebstormProjects/clones-react/whats-up/next-test/src/store/call/call.selectors.ts": {"path":"/home/pavel/WebstormProjects/clones-react/whats-up/next-test/src/store/call/call.selectors.ts","statementMap":{"0":{"start":{"line":3,"column":13},"end":{"line":3,"column":30}},"1":{"start":{"line":5,"column":13},"end":{"line":5,"column":33}},"2":{"start":{"line":7,"column":13},"end":{"line":7,"column":27}},"3":{"start":{"line":9,"column":13},"end":{"line":9,"column":34}},"4":{"start":{"line":11,"column":13},"end":{"line":11,"column":30}},"5":{"start":{"line":15,"column":13},"end":{"line":15,"column":30}},"6":{"start":{"line":17,"column":13},"end":{"line":17,"column":27}},"7":{"start":{"line":19,"column":13},"end":{"line":19,"column":28}},"8":{"start":{"line":21,"column":13},"end":{"line":21,"column":33}},"9":{"start":{"line":23,"column":13},"end":{"line":23,"column":34}},"10":{"start":{"line":25,"column":13},"end":{"line":25,"column":30}},"11":{"start":{"line":28,"column":13},"end":{"line":28,"column":25}},"12":{"start":{"line":3,"column":33},"end":{"line":4,"column":null}},"13":{"start":{"line":4,"column":1},"end":{"line":4,"column":null}},"14":{"start":{"line":5,"column":36},"end":{"line":6,"column":null}},"15":{"start":{"line":6,"column":1},"end":{"line":6,"column":null}},"16":{"start":{"line":7,"column":30},"end":{"line":8,"column":null}},"17":{"start":{"line":8,"column":1},"end":{"line":8,"column":null}},"18":{"start":{"line":9,"column":37},"end":{"line":10,"column":null}},"19":{"start":{"line":10,"column":1},"end":{"line":10,"column":null}},"20":{"start":{"line":11,"column":33},"end":{"line":12,"column":null}},"21":{"start":{"line":12,"column":1},"end":{"line":12,"column":null}},"22":{"start":{"line":15,"column":33},"end":{"line":16,"column":null}},"23":{"start":{"line":16,"column":1},"end":{"line":16,"column":null}},"24":{"start":{"line":17,"column":30},"end":{"line":18,"column":null}},"25":{"start":{"line":18,"column":1},"end":{"line":18,"column":null}},"26":{"start":{"line":19,"column":31},"end":{"line":20,"column":29}},"27":{"start":{"line":20,"column":1},"end":{"line":20,"column":29}},"28":{"start":{"line":21,"column":36},"end":{"line":22,"column":null}},"29":{"start":{"line":22,"column":1},"end":{"line":22,"column":null}},"30":{"start":{"line":23,"column":37},"end":{"line":24,"column":null}},"31":{"start":{"line":24,"column":1},"end":{"line":24,"column":null}},"32":{"start":{"line":25,"column":33},"end":{"line":26,"column":null}},"33":{"start":{"line":26,"column":1},"end":{"line":26,"column":null}},"34":{"start":{"line":28,"column":28},"end":{"line":28,"column":75}},"35":{"start":{"line":28,"column":54},"end":{"line":28,"column":75}}},"fnMap":{"0":{"name":"(anonymous_13)","decl":{"start":{"line":3,"column":33},"end":{"line":3,"column":34}},"loc":{"start":{"line":4,"column":1},"end":{"line":4,"column":null}}},"1":{"name":"(anonymous_14)","decl":{"start":{"line":5,"column":36},"end":{"line":5,"column":37}},"loc":{"start":{"line":6,"column":1},"end":{"line":6,"column":null}}},"2":{"name":"(anonymous_15)","decl":{"start":{"line":7,"column":30},"end":{"line":7,"column":31}},"loc":{"start":{"line":8,"column":1},"end":{"line":8,"column":null}}},"3":{"name":"(anonymous_16)","decl":{"start":{"line":9,"column":37},"end":{"line":9,"column":38}},"loc":{"start":{"line":10,"column":1},"end":{"line":10,"column":null}}},"4":{"name":"(anonymous_17)","decl":{"start":{"line":11,"column":33},"
[...]
"end":{"line":7,"column":26}},"14":{"start":{"line":8,"column":23},"end":{"line":8,"column":73}},"15":{"start":{"line":8,"column":49},"end":{"line":8,"column":73}},"16":{"start":{"line":9,"column":25},"end":{"line":10,"column":null}},"17":{"start":{"line":10,"column":1},"end":{"line":10,"column":null}},"18":{"start":{"line":11,"column":30},"end":{"line":12,"column":26}},"19":{"start":{"line":12,"column":1},"end":{"line":12,"column":26}},"20":{"start":{"line":13,"column":24},"end":{"line":13,"column":71}},"21":{"start":{"line":13,"column":50},"end":{"line":13,"column":71}},"22":{"start":{"line":14,"column":28},"end":{"line":15,"column":null}},"23":{"start":{"line":15,"column":1},"end":{"line":15,"column":null}},"24":{"start":{"line":16,"column":28},"end":{"line":17,"column":null}},"25":{"start":{"line":17,"column":1},"end":{"line":17,"column":null}},"26":{"start":{"line":18,"column":29},"end":{"line":19,"column":27}},"27":{"start":{"line":19,"column":1},"end":{"line":19,"column":27}},"28":{"start":{"line":20,"column":31},"end":{"line":21,"column":null}},"29":{"start":{"line":21,"column":1},"end":{"line":21,"column":null}},"30":{"start":{"line":22,"column":32},"end":{"line":36,"column":null}},"31":{"start":{"line":26,"column":2},"end":{"line":34,"column":null}},"32":{"start":{"line":28,"column":18},"end":{"line":28,"column":null}},"33":{"start":{"line":28,"column":41},"end":{"line":28,"column":61}},"34":{"start":{"line":29,"column":24},"end":{"line":32,"column":null}},"35":{"start":{"line":30,"column":18},"end":{"line":30,"column":null}},"36":{"start":{"line":33,"column":4},"end":{"line":33,"column":null}}},"fnMap":{"0":{"name":"(anonymous_11)","decl":{"start":{"line":6,"column":30},"end":{"line":6,"column":31}},"loc":{"start":{"line":7,"column":1},"end":{"line":7,"column":26}}},"1":{"name":"(anonymous_12)","decl":{"start":{"line":8,"column":23},"end":{"line":8,"column":24}},"loc":{"start":{"line":8,"column":49},"end":{"line":8,"column":73}}},"2":{"name":"(anonymous_13)","decl":{"start":{"line":9,"column":25},"end":{"line":9,"column":26}},"loc":{"start":{"line":10,"column":1},"end":{"line":10,"column":null}}},"3":{"name":"(anonymous_14)","decl":{"start":{"line":11,"column":30},"end":{"line":11,"column":31}},"loc":{"start":{"line":12,"column":1},"end":{"line":12,"column":26}}},"4":{"name":"(anonymous_15)","decl":{"start":{"line":13,"column":24},"end":{"line":13,"column":25}},"loc":{"start":{"line":13,"column":50},"end":{"line":13,"column":71}}},"5":{"name":"(anonymous_16)","decl":{"start":{"line":14,"column":28},"end":{"line":14,"column":29}},"loc":{"start":{"line":15,"column":1},"end":{"line":15,"column":null}}},"6":{"name":"(anonymous_17)","decl":{"start":{"line":16,"column":28},"end":{"line":16,"column":29}},"loc":{"start":{"line":17,"column":1},"end":{"line":17,"column":null}}},"7":{"name":"(anonymous_18)","decl":{"start":{"line":18,"column":29},"end":{"line":18,"column":30}},"loc":{"start":{"line":19,"column":1},"end":{"line":19,"column":27}}},"8":{"name":"(anonymous_19)","decl":{"start":{"line":20,"column":31},"end":{"line":20,"column":32}},"loc":{"start":{"line":21,"column":1},"end":{"line":21,"column":null}}},"9":{"name":"(anonymous_20)","decl":{"start":{"line":25,"column":1},"end":{"line":25,"column":2}},"loc":{"start":{"line":25,"column":8},"end":{"line":36,"column":null}}},"10":{"name":"(anonymous_21)","decl":{"start":{"line":27,"column":3},"end":{"line":27,"column":4}},"loc":{"start":{"line":27,"column":15},"end":{"line":34,"column":null}}},"11":{"name":"(anonymous_22)","decl":{"start":{"line":28,"column":32},"end":{"line":28,"column":41}},"loc":{"start":{"line":28,"column":41},"end":{"line":28,"column":61}}},"12":{"name":"(anonymous_23)","decl":{"start":{"line":30,"column":10},"end":{"line":30,"column":18}},"loc":{"start":{"line":30,"column":18},"end":{"line":30,"column":null}}}},"branchMap":{"0":{"loc":{"start":{"line":10,"column":1},"end":{"line":10,"column":null}},"type":"binary-expr","locations":[{"start":{"line":10,"column":1},"end":{"line":10,"column":33}},{"start":{"line":10,"column":33},"end":{"line":10,"column":null}}]},"1":{"loc":{"start":{"line":15,"column":1},"end":{"line":15,"column":null}},"type":"binary-expr","locations":[{"start":{"line":15,"column":1},"end":{"line":15,"column":36}},{"start":{"line":15,"column":36},"end":{"line":15,"column":null}}]},"2":{"loc":{"start":{"line":17,"column":1},"end":{"line":17,"column":null}},"type":"binary-expr","locations":[{"start":{"line":17,"column":1},"end":{"line":17,"column":31}},{"start":{"line":17,"column":35},"end":{"line":17,"column":null}}]}},"s":{"0":0,"1":4,"2":224,"3":0,"4":0,"5":4,"6":0,"7":0,"8":224,"9":33,"10":2,"11":2,"12":2,"13":0,"14":2,"15":20,"16":2,"17":40,"18":2,"19":0,"20":2,"21":11,"22":2,"23":9,"24":2,"25":0,"26":2,"27":0,"28":2,"29":40,"30":2,"31":4,"32":16,"33":16,"34":16,"35":16,"36":16},"f":{"0":0,"1":20,"2":40,"3":0,"4":11,"5":9,"6":0,"7":0,"8":40,"9":4,"10":16,"11":16,"12":16},"b":{"0":[40,40],"1":[9,0],"2":[0,0]}}
,"/home/pavel/WebstormProjects/clones-react/whats-up/next-test/src/store/user/user.slice.ts": {"path":"/home/pavel/WebstormProjects/clones-react/whats-up/next-test/src/store/user/user.slice.ts","statementMap":{"0":{"start":{"line":19,"column":13},"end":{"line":19,"column":25}},"1":{"start":{"line":2,"column":43},"end":{"line":2,"column":null}},"2":{"start":{"line":8,"column":7},"end":{"line":8,"column":null}},"3":{"start":{"line":9,"column":36},"end":{"line":9,"column":null}},"4":{"start":{"line":11,"column":36},"end":{"line":17,"column":null}},"5":{"start":{"line":19,"column":25},"end":{"line":105,"column":null}},"6":{"start":{"line":24,"column":3},"end":{"line":24,"column":null}},"7":{"start":{"line":27,"column":3},"end":{"line":27,"column":null}},"8":{"start":{"line":30,"column":3},"end":{"line":30,"column":null}},"9":{"start":{"line":33,"column":3},"end":{"line":33,"column":null}},"10":{"start":{"line":36,"column":3},"end":{"line":36,"column":null}},"11":{"start":{"line":39,"column":3},"end":{"line":39,"column":null}},"12":{"start":{"line":42,"column":3},"end":{"line":42,"column":null}},"13":{"start":{"line":45,"column":3},"end":{"line":45,"column":null}},"14":{"start":{"line":46,"column":3},"end":{"line":46,"column":null}},"15":{"start":{"line":50,"column":2},"end":{"line":103,"column":null}},"16":{"start":{"line":52,"column":4},"end":{"line":52,"column":null}},"17":{"start":{"line":53,"column":4},"end":{"line":53,"column":null}},"18":{"start":{"line":56,"column":4},"end":{"line":61,"column":null}},"19":{"start":{"line":57,"column":5},"end":{"line":57,"column":null}},"20":{"start":{"line":59,"column":5},"end":{"line":59,"column":null}},"21":{"start":{"line":60,"column":5},"end":{"line":60,"column":null}},"22":{"start":{"line":64,"column":4},"end":{"line":64,"column":null}},"23":{"start":{"line":65,"column":4},"end":{"line":65,"column":null}},"24":{"start":{"line":68,"column":4},"end":{"line":68,"column":null}},"25":{"start":{"line":69,"column":4},"end":{"line":69,"column":null}},"26":{"start":{"line":72,"column":4},"end":{"line":72,"column":null}},"27":{"start":{"line":73,"column":4},"end":{"line":73,"column":null}},"28":{"start":{"line":76,"column":4},"end":{"line":76,"column":null}},"29":{"start":{"line":77,"column":4},"end":{"line":77,"column":null}},"30":{"start":{"line":80,"column":4},"end":{"line":80,"column":null}},"31":{"start":{"line":81,"column":4},"end":{"line":81,"column":null}},"32":{"start":{"line":84,"column":4},"end":{"line":84,"column":null}},"33":{"start":{"line":85,"column":4},"end":{"line":85,"column":null}},"34":{"start":{"line":86,"column":4},"end":{"line":86,"column":null}},"35":{"start":{"line":89,"column":4},"end":{"line":89,"column":null}},"36":{"start":{"line":90,"column":4},"end":{"line":90,"column":null}},"37":{"start":{"line":93,"column":4},"end":{"line":93,"column":null}},"38":{"start":{"line":94,"column":4},"end":{"line":94,"column":null}},"39":{"start":{"line":97,"column":4},"end":{"line":97,"column":null}},"40":{"start":{"line":98,"column":4},"end":{"line":98,"column":null}},"41":{"start":{"line":101,"column":4},"end":{"line":101,"column":null}},"42":{"start":{"line":102,"column":4},"end":{"line":102,"column":null}}},"fnMap":{"0":{"name":"(anonymous_1)","decl":{"start":{"line":23,"column":11},"end":{"line":23,"column":12}},"loc":{"start":{"line":23,"column":19},"end":{"line":25,"column":null}}},"1":{"name":"(anonymous_2)","decl":{"start":{"line":26,"column":12},"end":{"line":26,"column":13}},"loc":{"start":{"line":26,"column":20},"end":{"line":28,"column":null}}},"2":{"name":"(anonymous_3)","decl":{"start":{"line":29,"column":12},"end":{"line":29,"column":13}},"loc":{"start":{"line":29,"column":27},"end":{"line":31,"column":null}}},"3":{"name":"(anonymous_4)","decl":{"start":{"line":32,"column":12},"end":{"line":32,"column":13}},"loc":{"start":{"line":32,"column":27},"end":{"line":34,"column":null}}},"4":{"name":"(anonymous_5)","decl":{"start":{"line":35,"column":17},"end":{"line":35,"column":18}},"loc":{"start":{"line":35,"column":25},"end":{"line":37,"column":null}}},"5":{"name":"(anonymous_6)","decl":{"start":{"line":38,"column":11},"end":{"line":38,"column":12}},"loc":{"start":{"line":38,"column":19},"end":{"line":40,"column":null}}},"6":{"name":"(anonymous_7)","decl":{"start":{"line":41,"column":19},"end":{"line":41,"column":20}},"loc":{"start":{"line":41,"column":27},"end":{"line":43,"column":null}}},"7":{"name":"(anonymous_8)","decl":{"start":{"line":44,"column":24},"end":{"line":44,"column":25}},"loc":{"start":{"line":44,"column":32},"end":{"line":47,"column":null}}},"8":{"name":"(anonymous_9)","decl":{"start":{"line":49,"column":16},"end":{"line":49,"column":null}},"loc":{"start":{"line":49,"column":16},"end":{"line":104,"column":null}}},"9":{"name":"(anonymous_10)","decl":{"start":{"line":51,"column":46},"end":{"line":51,"column":null}},"loc":{"start":{"line":51,"column":46},"end":{"line":54,"column":null}}},"10":{"name":"(anonymous_11)","decl":{"start":{"line":55,"column":48},"end":{"line":55,"column":49}},"loc":{"start":{"line":55,"column":67},"end":{"line":62,"column":null}}},"11":{"name":"(anonymous_12)","decl":{"start":{"line":63,"column":47},"end":{"line":63,"column":48}},"loc":{"start":{"line":63,"column":55},"end":{"line":66,"column":null}}},"12":{"name":"(anonymous_13)","decl":{"start":{"line":67,"column":39},"end":{"line":67,"column":null}},"loc":{"start":{"line":67,"column":39},"end":{"line":70,"column":null}}},"13":{"name":"(anonymous_14)","decl":{"start":{"line":71,"column":41},"end":{"line":71,"column":42}},"loc":{"start":{"line":71,"column":60},"end":{"line":74,"column":null}}},"14":{"name":"(anonymous_15)","decl":{"start":{"line":75,"column":40},"end":{"line":75,"column":41}},"loc":{"start":{"line":75,"column":48},"end":{"line":78,"column":null}}},"15":{"name":"(anonymous_16)","decl":{"start":{"line":79,"column":41},"end":{"line":79,"column":null}},"loc":{"start":{"line":79,"column":41},"end":{"line":82,"column":null}}},"16":{"name":"(anonymous_17)","decl":{"start":{"line":83,"column":43},"end":{"line":83,"column":44}},"loc":{"start":{"line":83,"column":51},"end":{"line":87,"column":null}}},"17":{"name":"(anonymous_18)","decl":{"start":{"line":88,"column":42},"end":{"line":88,"column":43}},"loc":{"start":{"line":88,"column":50},"end":{"line":91,"column":null}}},"18":{"name":"(anonymous_19)","decl":{"start":{"line":92,"column":33},"end":{"line":92,"column":null}},"loc":{"start":{"line":92,"column":33},"end":{"line":95,"column":null}}},"19":{"name":"(anonymous_20)","decl":{"start":{"line":96,"column":35},"end":{"line":96,"column":36}},"loc":{"start":{"line":96,"column":43},"end":{"line":99,"column":null}}},"20":{"name":"(anonymous_21)","decl":{"start":{"line":100,"column":34},"end":{"line":100,"column":35}},"loc":{"start":{"line":100,"column":42},"end":{"line":103,"column":null}}}},"branchMap":{"0":{"loc":{"start":{"line":56,"column":4},"end":{"line":61,"column":null}},"type":"if","locations":[{"start":{"line":56,"column":4},"end":{"line":61,"column":null}},{"start":{"line":58,"column":11},"end":{"line":61,"column":null}}]}},"s":{"0":7,"1":4,"2":4,"3":4,"4":4,"5":4,"6":0,"7":0,"8":0,"9":0,"10":0,"11":0,"12":0,"13":0,"14":0,"15":3,"16":0,"17":0,"18":0,"19":0,"20":0,"21":0,"22":0,"23":0,"24":0,"25":0,"26":0,"27":0,"28":0,"29":0,"30":0,"31":0,"32":0,"33":0,"34":0,"35":0,"36":0,"37":4,"38":4,"39":4,"40":4,"41":0,"42":0},"f":{"0":0,"1":0,"2":0,"3":0,"4":0,"5":0,"6":0,"7":0,"8":3,"9":0,"10":0,"11":0,"12":0,"13":0,"14":0,"15":0,"16":0,"17":0,"18":4,"19":4,"20":0},"b":{"0":[0,0]}}
,"/home/pavel/WebstormProjects/clones-react/whats-up/next-test/src/types/routerEnumPath.ts": {"path":"/home/pavel/WebstormProjects/clones-react/whats-up/next-test/src/types/routerEnumPath.ts","statementMap":{"0":{"start":{"line":1,"column":12},"end":{"line":1,"column":26}},"1":{"start":{"line":1,"column":12},"end":{"line":2,"column":null}},"2":{"start":{"line":1,"column":12},"end":{"line":3,"column":null}},"3":{"start":{"line":1,"column":12},"end":{"line":4,"column":null}}},"fnMap":{"0":{"name":"(anonymous_1)","decl":{"start":{"line":1,"column":12},"end":{"line":1,"column":26}},"loc":{"start":{"line":1,"column":26},"end":{"line":1,"column":11}}}},"branchMap":{"0":{"loc":{"start":{"line":1,"column":12},"end":{"line":1,"column":26}},"type":"binary-expr","locations":[{"start":{"line":1,"column":12},"end":{"line":1,"column":26}},{"start":{"line":1,"column":12},"end":{"line":1,"column":26}}]}},"s":{"0":1,"1":1,"2":1,"3":1},"f":{"0":1},"b":{"0":[1,1]}}
,"/home/pavel/WebstormProjects/clones-react/whats-up/next-test/src/utils/CalculateTime.ts": {"path":"/home/pavel/WebstormProjects/clones-react/whats-up/next-test/src/utils/CalculateTime.ts","statementMap":{"0":{"start":{"line":2,"column":13},"end":{"line":2,"column":29}},"1":{"start":{"line":2,"column":29},"end":{"line":68,"column":null}},"2":{"start":{"line":4,"column":19},"end":{"line":4,"column":null}},"3":{"start":{"line":7,"column":21},"end":{"line":7,"column":null}},"4":{"start":{"line":10,"column":32},"end":{"line":13,"column":null}},"5":{"start":{"line":14,"column":20},"end":{"line":18,"column":null}},"6":{"start":{"line":21,"column":1},"end":{"line":67,"column":null}},"7":{"start":{"line":28,"column":2},"end":{"line":28,"column":null}},"8":{"start":{"line":29,"column":8},"end":{"line":67,"column":null}},"9":{"start":{"line":36,"column":2},"end":{"line":36,"column":null}},"10":{"start":{"line":38,"column":2},"end":{"line":66,"column":null}},"11":{"start":{"line":44,"column":26},"end":{"line":46,"column":null}},"12":{"start":{"line":49,"column":22},"end":{"line":49,"column":null}},"13":{"start":{"line":50,"column":3},"end":{"line":50,"column":null}},"14":{"start":{"line":52,"column":22},"end":{"line":60,"column":null}},"15":{"start":{"line":61,"column":3},"end":{"line":61,"column":null}},"16":{"start":{"line":65,"column":3},"end":{"line":65,"column":null}}},"fnMap":{"0":{"name":"(anonymous_1)","decl":{"start":{"line":2,"column":29},"end":{"line":2,"column":30}},"loc":{"start":{"line":2,"column":30},"end":{"line":68,"column":null}}}},"branchMap":{"0":{"loc":{"start":{"line":21,"column":1},"end":{"line":67,"column":null}},"type":"if","locations":[{"start":{"line":21,"column":1},"end":{"line":67,"column":null}},{"start":{"line":29,"column":8},"end":{"line":67,"column":null}}]},"1":{"loc":{"start":{"line":22,"column":2},"end":{"line":24,"column":null}},"type":"binary-expr","locations":[{"start":{"line":22,"column":2},"end":{"line":22,"column":null}},{"start":{"line":23,"column":2},"end":{"line":23,"column":null}},{"start":{"line":24,"column":2},"end":{"line":24,"column":null}}]},"2":{"loc":{"start":{"line":29,"column":8},"end":{"line":67,"column":null}},"type":"if","locations":[{"start":{"line":29,"column":8},"end":{"line":67,"column":null}},{"start":{"line":37,"column":8},"end":{"line":67,"column":null}}]},"3":{"loc":{"start":{"line":30,"column":2},"end":{"line":32,"column":null}},"type":"binary-expr","locations":[{"start":{"line":30,"column":2},"end":{"line":30,"column":null}},{"start":{"line":31,"column":2},"end":{"line":31,"column":null}},{"start":{"line":32,"column":2},"end":{"line":32,"column":null}}]},"4":{"loc":{"start":{"line":38,"column":2},"end":{"line":66,"column":null}},"type":"if","locations":[{"start":{"line":38,"column":2},"end":{"line":66,"column":null}},{"start":{"line":62,"column":9},"end":{"line":66,"column":null}}]},"5":{"loc":{"start":{"line":40,"column":3},"end":{"line":42,"column":null}},"type":"binary-expr","locations":[{"start":{"line":40,"column":3},"end":{"line":40,"column":null}},{"start":{"line":42,"column":3},"end":{"line":42,"column":null}}]}},"s":{"0":0,"1":2,"2":0,"3":0,"4":0,"5":0,"6":0,"7":0,"8":0,"9":0,"10":0,"11":0,"12":0,"13":0,"14":0,"15":0,"16":0},"f":{"0":0},"b":{"0":[0,0],"1":[0,0,0],"2":[0,0],"3":[0,0,0],"4":[0,0],"5":[0,0]}}
,"/home/pavel/WebstormProjects/clones-react/whats-up/next-test/src/utils/FirebaseConfig.ts": {"path":"/home/pavel/WebstormProjects/clones-react/whats-up/next-test/src/utils/FirebaseConfig.ts","statementMap":{"0":{"start":{"line":15,"column":13},"end":{"line":15,"column":29}},"1":{"start":{"line":1,"column":30},"end":{"line":1,"column":null}},"2":{"start":{"line":2,"column":24},"end":{"line":2,"column":null}},"3":{"start":{"line":3,"column":20},"end":{"line":3,"column":null}},"4":{"start":{"line":5,"column":23},"end":{"line":12,"column":null}},"5":{"start":{"line":14,"column":12},"end":{"line":14,"column":null}},"6":{"start":{"line":15,"column":29},"end":{"line":15,"column":null}}},"fnMap":{},"branchMap":{},"s":{"0":0,"1":4,"2":4,"3":4,"4":4,"5":4,"6":4},"f":{},"b":{}}
,"/home/pavel/WebstormProjects/clones-react/whats-up/next-test/src/utils/constants.ts": {"path":"/home/pavel/WebstormProjects/clones-react/whats-up/next-test/src/utils/constants.ts","statementMap":{"0":{"start":{"line":1,"column":13},"end":{"line":1,"column":21}},"1":{"start":{"line":2,"column":13},"end":{"line":2,"column":21}},"2":{"start":{"line":3,"column":13},"end":{"line":3,"column":28}},"3":{"start":{"line":4,"column":13},"end":{"line":4,"column":32}},"4":{"start":{"line":5,"column":13},"end":{"line":5,"column":32}},"5":{"start":{"line":6,"column":13},"end":{"line":6,"column":30}},"6":{"start":{"line":7,"column":13},"end":{"line":7,"column":32}},"7":{"start":{"line":8,"column":13},"end":{"line":8,"column":32}},"8":{"start":{"line":9,"column":13},"end":{"line":9,"column":32}},"9":{"start":{"line":10,"column":13},"end":{"line":10,"column":30}},"10":{"start":{"line":11,"column":13},"end":{"line":11,"column":32}},"11":{"start":{"line":12,"column":13},"end":{"line":12,"column":33}},"12":{"start":{"line":13,"column":13},"end":{"line":13,"column":24}},"13":{"start":{"line":14,"column":13},"end":{"line":14,"column":25}},"14":{"start":{"line":1,"column":24},"end":{"line":1,"column":null}},"15":{"start":{"line":2,"column":24},"end":{"line":2,"column":null}},"16":{"start":{"line":3,"column":31},"end":{"line":3,"column":null}},"17":{"start":{"line":4,"column":35},"end":{"line":4,"column":null}},"18":{"start":{"line":5,"column":35},"end":{"line":5,"column":null}},"19":{"start":{"line":6,"column":33},"end":{"line":6,"column":null}},"20":{"start":{"line":7,"column":35},"end":{"line":7,"column":null}},"21":{"start":{"line":8,"column":35},"end":{"line":8,"column":null}},"22":{"start":{"line":9,"column":35},"end":{"line":9,"column":null}},"23":{"start":{"line":10,"column":33},"end":{"line":10,"column":null}},"24":{"start":{"line":11,"column":35},"end":{"line":11,"column":null}},"25":{"start":{"line":12,"column":36},"end":{"line":12,"column":null}},"26":{"start":{"line":13,"column":27},"end":{"line":13,"column":null}},"27":{"start":{"line":14,"column":28},"end":{"line":14,"column":null}}},"fnMap":{},"branchMap":{},"s":{"0":0,"1":0,"2":0,"3":0,"4":0,"5":0,"6":0,"7":0,"8":0,"9":0,"10":0,"11":0,"12":0,"13":0,"14":4,"15":4,"16":4,"17":4,"18":4,"19":4,"20":4,"21":4,"22":4,"23":4,"24":4,"25":4,"26":4,"27":4},"f":{},"b":{}}
}
