TN:
SF:src/components/Empty.tsx
FN:3,Empty
FNF:1
FNH:1
FNDA:1,Empty
DA:1,1
DA:3,1
LF:2
LH:2
BRF:0
BRH:0
end_of_record
TN:
SF:src/components/Chat/ChatTypeMessage.tsx
FN:11,(anonymous_5)
FN:12,(anonymous_6)
FN:13,(anonymous_7)
FN:21,(anonymous_9)
FNF:4
FNH:1
FNDA:0,(anonymous_5)
FNDA:0,(anonymous_6)
FNDA:0,(anonymous_7)
FNDA:224,(anonymous_9)
DA:1,2
DA:2,2
DA:4,2
DA:5,2
DA:6,2
DA:7,2
DA:8,2
DA:12,0
DA:13,0
DA:21,224
DA:25,224
DA:26,224
LF:12
LH:10
BRDA:29,0,0,224
BRDA:29,0,1,0
BRDA:38,1,0,224
BRDA:38,1,1,0
BRDA:47,2,0,224
BRDA:47,2,1,0
BRDA:56,3,0,224
BRDA:56,3,1,224
BRDA:68,4,0,224
BRDA:68,4,1,224
BRDA:81,5,0,224
BRDA:81,5,1,224
BRF:12
BRH:9
end_of_record
TN:
SF:src/components/Chat/ChatViewMessage.tsx
FN:13,(anonymous_1)
FNF:1
FNH:0
FNDA:0,(anonymous_1)
DA:1,2
DA:2,2
DA:13,2
LF:3
LH:3
BRDA:24,0,0,0
BRDA:24,0,1,0
BRDA:26,1,0,0
BRDA:26,1,1,0
BRDA:36,2,0,0
BRF:5
BRH:0
end_of_record
TN:
SF:src/components/Chat/ImageMessage.tsx
FN:8,ImageMessage
FNF:1
FNH:0
FNDA:0,ImageMessage
DA:2,2
DA:3,2
DA:8,0
LF:3
LH:2
BRF:0
BRH:0
end_of_record
TN:
SF:src/components/Chatlist/ChatLIstItem.tsx
FN:11,ChatLIstItem
FN:13,(anonymous_2)
FNF:2
FNH:1
FNDA:224,ChatLIstItem
FNDA:0,(anonymous_2)
DA:1,2
DA:4,2
DA:5,2
DA:11,224
DA:12,224
DA:13,224
DA:14,0
DA:15,0
LF:8
LH:6
BRDA:36,0,0,0
BRDA:36,0,1,224
BRDA:36,1,0,224
BRDA:36,1,1,0
BRF:4
BRH:2
end_of_record
TN:
SF:src/components/Chatlist/ChatList.tsx
FN:7,ChatList
FNF:1
FNH:1
FNDA:6,ChatList
DA:1,1
DA:2,1
DA:3,1
DA:4,1
DA:5,1
DA:7,3
DA:8,6
LF:7
LH:7
BRDA:14,0,0,4
BRDA:14,0,1,2
BRF:2
BRH:2
end_of_record
TN:
SF:src/components/Chatlist/ChatListHeader.tsx
FN:12,ChatListHeader
FN:17,(anonymous_2)
FN:18,(anonymous_3)
FN:21,(anonymous_4)
FN:24,(anonymous_5)
FN:58,(anonymous_6)
FNF:6
FNH:2
FNDA:4,ChatListHeader
FNDA:1,(anonymous_2)
FNDA:0,(anonymous_3)
FNDA:0,(anonymous_4)
FNDA:0,(anonymous_5)
FNDA:0,(anonymous_6)
DA:1,1
DA:2,1
DA:3,1
DA:4,1
DA:5,1
DA:6,1
DA:7,1
DA:8,1
DA:9,1
DA:10,1
DA:12,4
DA:13,4
DA:14,4
DA:15,4
DA:16,4
DA:17,4
DA:18,4
DA:19,0
DA:20,0
DA:22,0
DA:25,0
DA:26,0
DA:58,0
LF:23
LH:17
BRDA:31,0,0,4
BRF:1
BRH:1
end_of_record
TN:
SF:src/components/Chatlist/ContactsList.tsx
FN:11,ContactsList
FN:15,(anonymous_2)
FN:16,(anonymous_3)
FN:38,(anonymous_4)
FN:43,(anonymous_5)
FNF:5
FNH:5
FNDA:33,ContactsList
FNDA:1,(anonymous_2)
FNDA:4,(anonymous_3)
FNDA:224,(anonymous_4)
FNDA:224,(anonymous_5)
DA:1,2
DA:2,2
DA:3,2
DA:4,2
DA:5,2
DA:6,2
DA:7,2
DA:11,5
DA:12,33
DA:13,33
DA:14,33
DA:15,33
DA:16,33
DA:17,4
DA:39,224
DA:44,224
LF:16
LH:16
BRF:0
BRH:0
end_of_record
TN:
SF:src/components/Chatlist/List.tsx
FN:15,List
FN:24,(anonymous_2)
FN:27,(anonymous_3)
FN:30,(anonymous_4)
FN:61,(anonymous_5)
FN:72,(anonymous_6)
FNF:6
FNH:3
FNDA:4,List
FNDA:4,(anonymous_2)
FNDA:4,(anonymous_3)
FNDA:0,(anonymous_4)
FNDA:0,(anonymous_5)
FNDA:0,(anonymous_6)
DA:1,1
DA:2,1
DA:3,1
DA:4,1
DA:5,1
DA:9,1
DA:10,1
DA:13,1
DA:15,4
DA:16,4
DA:17,4
DA:18,4
DA:19,4
DA:20,4
DA:22,4
DA:24,4
DA:25,4
DA:27,4
DA:28,4
DA:29,0
DA:31,0
DA:62,0
DA:73,0
LF:23
LH:19
BRDA:25,0,0,4
BRDA:25,0,1,0
BRDA:28,1,0,0
BRDA:50,2,0,0
BRDA:54,3,0,0
BRDA:56,4,0,0
BRF:6
BRH:1
end_of_record
TN:
SF:src/components/Chatlist/SearchBar.tsx
FN:11,SearchBar
FN:18,(anonymous_2)
FNF:2
FNH:2
FNDA:37,SearchBar
FNDA:27,(anonymous_2)
DA:1,2
DA:2,2
DA:3,2
DA:11,37
DA:17,37
DA:19,27
LF:6
LH:6
BRDA:12,0,0,33
BRDA:15,1,0,0
BRDA:19,2,0,27
BRDA:28,3,0,37
BRDA:28,3,1,33
BRDA:36,4,0,37
BRDA:36,4,1,0
BRDA:41,5,0,37
BRF:8
BRH:6
end_of_record
TN:
SF:src/components/UI/Avatar.tsx
FN:13,Avatar
FNF:1
FNH:1
FNDA:228,Avatar
DA:1,3
DA:2,3
DA:3,3
DA:4,3
DA:13,228
LF:5
LH:5
BRDA:20,0,0,228
BRDA:23,1,0,4
BRDA:35,2,0,228
BRDA:38,3,0,224
BRDA:39,4,0,224
BRDA:39,4,1,0
BRDA:49,5,0,228
BRF:7
BRH:6
end_of_record
TN:
SF:src/components/UI/CapturePhoto.tsx
FN:14,CapturePhoto
FN:17,(anonymous_2)
FN:19,(anonymous_3)
FN:29,(anonymous_4)
FN:29,(anonymous_5)
FN:32,(anonymous_6)
FN:44,(anonymous_7)
FNF:7
FNH:0
FNDA:0,CapturePhoto
FNDA:0,(anonymous_2)
FNDA:0,(anonymous_3)
FNDA:0,(anonymous_4)
FNDA:0,(anonymous_5)
FNDA:0,(anonymous_6)
FNDA:0,(anonymous_7)
DA:7,3
DA:8,3
DA:9,3
DA:14,0
DA:15,0
DA:16,0
DA:17,0
DA:19,0
DA:20,0
DA:24,0
DA:25,0
DA:28,0
DA:29,0
DA:32,0
DA:33,0
DA:34,0
DA:35,0
DA:37,0
DA:38,0
DA:44,0
LF:20
LH:3
BRDA:24,0,0,0
BRDA:34,1,0,0
BRF:2
BRH:0
end_of_record
TN:
SF:src/components/UI/ContextMenu.tsx
FN:18,ContextMenu
FN:20,(anonymous_3)
FN:24,(anonymous_4)
FN:45,(anonymous_5)
FN:49,(anonymous_6)
FNF:5
FNH:0
FNDA:0,ContextMenu
FNDA:0,(anonymous_3)
FNDA:0,(anonymous_4)
FNDA:0,(anonymous_5)
FNDA:0,(anonymous_6)
DA:2,3
DA:3,3
DA:18,0
DA:19,0
DA:20,0
DA:24,0
DA:25,0
DA:26,0
DA:27,0
DA:46,0
DA:49,0
LF:11
LH:2
BRDA:33,0,0,0
BRDA:33,0,1,0
BRDA:38,1,0,0
BRDA:38,1,1,0
BRF:4
BRH:0
end_of_record
TN:
SF:src/components/UI/CustomAvatarMenu.tsx
FN:29,(anonymous_5)
FN:35,(anonymous_6)
FN:48,(anonymous_7)
FNF:3
FNH:0
FNDA:0,(anonymous_5)
FNDA:0,(anonymous_6)
FNDA:0,(anonymous_7)
DA:1,3
DA:2,3
DA:3,3
DA:4,3
DA:5,3
DA:6,3
DA:7,3
DA:8,3
DA:9,3
DA:11,3
DA:14,3
DA:18,3
DA:29,3
DA:30,0
DA:31,0
DA:33,0
DA:34,0
DA:36,0
DA:37,0
DA:38,0
DA:48,0
LF:21
LH:13
BRDA:50,0,0,0
BRDA:64,1,0,0
BRDA:64,1,1,0
BRDA:66,2,0,0
BRDA:66,2,1,0
BRDA:69,3,0,0
BRDA:81,4,0,0
BRDA:88,5,0,0
BRDA:91,6,0,0
BRF:9
BRH:0
end_of_record
TN:
SF:src/components/UI/DropDown.tsx
FN:8,(anonymous_2)
FNF:1
FNH:1
FNDA:9,(anonymous_2)
DA:1,2
DA:8,9
DA:9,9
LF:3
LH:3
BRDA:15,0,0,9
BRDA:20,1,0,9
BRF:2
BRH:2
end_of_record
TN:
SF:src/components/UI/IncomingContainer.tsx
FN:10,(anonymous_2)
FNF:1
FNH:1
FNDA:2,(anonymous_2)
DA:1,2
DA:2,2
DA:10,2
LF:3
LH:3
BRDA:18,0,0,2
BRDA:18,0,1,0
BRF:2
BRH:1
end_of_record
TN:
SF:src/components/UI/IncomingVideoCall.tsx
FN:10,IncomingVideoCall
FN:20,(anonymous_2)
FN:27,(anonymous_3)
FNF:3
FNH:1
FNDA:2,IncomingVideoCall
FNDA:0,(anonymous_2)
FNDA:0,(anonymous_3)
DA:1,1
DA:2,1
DA:3,1
DA:4,1
DA:5,1
DA:6,1
DA:7,1
DA:8,1
DA:10,2
DA:11,2
DA:12,2
DA:18,2
DA:20,2
DA:21,0
DA:22,0
DA:23,0
DA:24,0
DA:25,0
DA:27,2
DA:28,0
DA:29,0
LF:21
LH:14
BRDA:21,0,0,0
BRF:1
BRH:0
end_of_record
TN:
SF:src/components/UI/Input.tsx
FN:12,(anonymous_1)
FN:20,(anonymous_2)
FNF:2
FNH:2
FNDA:4,(anonymous_1)
FNDA:7,(anonymous_2)
DA:12,4
DA:20,4
DA:21,7
LF:3
LH:3
BRDA:13,0,0,1
BRDA:17,1,0,1
BRDA:24,2,0,4
BRF:3
BRH:3
end_of_record
TN:
SF:src/components/UI/Loading.tsx
FN:7,(anonymous_1)
FNF:1
FNH:1
FNDA:2,(anonymous_1)
DA:7,2
DA:13,2
LF:2
LH:2
BRDA:9,0,0,1
BRDA:10,1,0,2
BRDA:11,2,0,1
BRDA:12,3,0,1
BRDA:17,4,0,2
BRDA:17,4,1,0
BRDA:18,5,0,0
BRDA:18,5,1,2
BRF:8
BRH:6
end_of_record
TN:
SF:src/components/UI/MessageStatus.tsx
FN:7,MessageStatus
FNF:1
FNH:0
FNDA:0,MessageStatus
DA:1,2
DA:7,0
LF:2
LH:1
BRDA:7,0,0,0
BRDA:10,1,0,0
BRDA:11,2,0,0
BRDA:12,3,0,0
BRF:4
BRH:0
end_of_record
TN:
SF:src/components/UI/PhotoLibrary.tsx
FN:17,PhotoLibrary
FN:25,(anonymous_3)
FN:38,(anonymous_4)
FN:45,(anonymous_5)
FN:48,(anonymous_6)
FN:60,(anonymous_7)
FN:63,(anonymous_8)
FNF:7
FNH:0
FNDA:0,PhotoLibrary
FNDA:0,(anonymous_3)
FNDA:0,(anonymous_4)
FNDA:0,(anonymous_5)
FNDA:0,(anonymous_6)
FNDA:0,(anonymous_7)
FNDA:0,(anonymous_8)
DA:1,3
DA:3,3
DA:17,0
DA:25,0
DA:26,0
DA:27,0
DA:28,0
DA:38,0
DA:46,0
DA:48,0
DA:61,0
DA:63,0
LF:12
LH:2
BRDA:23,0,0,0
BRDA:26,1,0,0
BRDA:26,1,1,0
BRDA:33,2,0,0
BRDA:33,2,1,0
BRDA:44,3,0,0
BRDA:44,3,1,0
BRDA:59,4,0,0
BRDA:59,4,1,0
BRF:9
BRH:0
end_of_record
TN:
SF:src/components/UI/PhotoPicker.tsx
FN:7,PhotoPicker
FNF:1
FNH:0
FNDA:0,PhotoPicker
DA:7,0
LF:1
LH:0
BRF:0
BRH:0
end_of_record
TN:
SF:src/components/UI/Popup.tsx
FN:3,(anonymous_1)
FNF:1
FNH:1
FNDA:2,(anonymous_1)
DA:3,2
LF:1
LH:1
BRF:0
BRH:0
end_of_record
TN:
SF:src/components/UI/Skeleton.tsx
FN:9,(anonymous_1)
FNF:1
FNH:1
FNDA:2,(anonymous_1)
DA:1,1
DA:9,2
DA:10,2
DA:12,2
LF:4
LH:4
BRF:0
BRH:0
end_of_record
TN:
SF:src/constants/constants.ts
FNF:0
FNH:0
DA:1,3
DA:2,3
DA:3,3
DA:4,3
DA:5,3
DA:6,0
DA:7,3
DA:8,3
DA:9,3
DA:10,3
LF:10
LH:9
BRF:0
BRH:0
end_of_record
TN:
SF:src/hooks/useActions.ts
FN:6,(anonymous_1)
FN:8,(anonymous_2)
FNF:2
FNH:2
FNDA:267,(anonymous_1)
FNDA:30,(anonymous_2)
DA:1,4
DA:2,4
DA:3,4
DA:4,4
DA:6,267
DA:7,267
DA:8,267
LF:7
LH:7
BRF:0
BRH:0
end_of_record
TN:
SF:src/hooks/useContextMenu.ts
FN:7,(anonymous_1)
FN:19,(anonymous_2)
FN:22,(anonymous_3)
FN:28,(anonymous_4)
FN:34,(anonymous_5)
FN:40,(anonymous_6)
FNF:6
FNH:0
FNDA:0,(anonymous_1)
FNDA:0,(anonymous_2)
FNDA:0,(anonymous_3)
FNDA:0,(anonymous_4)
FNDA:0,(anonymous_5)
FNDA:0,(anonymous_6)
DA:1,3
DA:2,3
DA:3,3
DA:4,3
DA:5,3
DA:7,3
DA:8,0
DA:9,0
DA:14,0
DA:15,0
DA:16,0
DA:18,0
DA:19,0
DA:23,0
DA:29,0
DA:35,0
DA:41,0
DA:47,0
LF:18
LH:6
BRF:0
BRH:0
end_of_record
TN:
SF:src/hooks/useGrabPhoto.ts
FN:10,(anonymous_1)
FN:16,(anonymous_2)
FN:20,(anonymous_3)
FN:25,(anonymous_4)
FN:31,(anonymous_5)
FN:40,(anonymous_6)
FNF:6
FNH:0
FNDA:0,(anonymous_1)
FNDA:0,(anonymous_2)
FNDA:0,(anonymous_3)
FNDA:0,(anonymous_4)
FNDA:0,(anonymous_5)
FNDA:0,(anonymous_6)
DA:1,3
DA:2,3
DA:10,3
DA:15,0
DA:16,0
DA:17,0
DA:18,0
DA:19,0
DA:20,0
DA:21,0
DA:25,0
DA:26,0
DA:27,0
DA:28,0
DA:29,0
DA:30,0
DA:31,0
DA:32,0
DA:33,0
DA:34,0
DA:35,0
DA:36,0
DA:39,0
DA:40,0
DA:41,0
DA:42,0
DA:46,0
DA:47,0
DA:48,0
DA:49,0
DA:50,0
DA:54,0
LF:32
LH:3
BRDA:12,0,0,0
BRDA:17,1,0,0
BRDA:18,2,0,0
BRDA:18,2,1,0
BRDA:18,3,0,0
BRDA:18,3,1,0
BRDA:19,4,0,0
BRDA:26,5,0,0
BRDA:28,6,0,0
BRDA:32,7,0,0
BRDA:34,8,0,0
BRDA:41,9,0,0
BRDA:46,10,0,0
BRDA:49,11,0,0
BRF:14
BRH:0
end_of_record
TN:
SF:src/hooks/useHandleClickOutSide.ts
FN:9,(anonymous_4)
FN:15,(anonymous_5)
FN:16,(anonymous_6)
FN:27,(anonymous_7)
FNF:4
FNH:0
FNDA:0,(anonymous_4)
FNDA:0,(anonymous_5)
FNDA:0,(anonymous_6)
FNDA:0,(anonymous_7)
DA:1,3
DA:9,3
DA:14,0
DA:15,0
DA:16,0
DA:21,0
DA:22,0
DA:23,0
DA:26,0
DA:27,0
DA:30,0
LF:11
LH:2
BRDA:21,0,0,0
BRDA:22,1,0,0
BRDA:22,2,0,0
BRDA:22,2,1,0
BRF:4
BRH:0
end_of_record
TN:
SF:src/hooks/useToggle.ts
FN:3,useToggle
FN:7,(anonymous_2)
FN:7,(anonymous_3)
FNF:3
FNH:1
FNDA:4,useToggle
FNDA:0,(anonymous_2)
FNDA:0,(anonymous_3)
DA:1,3
DA:3,4
DA:6,4
DA:7,4
DA:8,4
LF:5
LH:5
BRF:0
BRH:0
end_of_record
TN:
SF:src/service/ApiRoutes.ts
FN:21,(anonymous_5)
FN:28,(anonymous_6)
FN:35,(anonymous_7)
FN:39,(anonymous_8)
FN:46,(anonymous_9)
FN:62,(anonymous_10)
FN:72,(anonymous_11)
FN:77,(anonymous_12)
FN:92,(anonymous_13)
FNF:9
FNH:1
FNDA:0,(anonymous_5)
FNDA:0,(anonymous_6)
FNDA:4,(anonymous_7)
FNDA:0,(anonymous_8)
FNDA:0,(anonymous_9)
FNDA:0,(anonymous_10)
FNDA:0,(anonymous_11)
FNDA:0,(anonymous_12)
FNDA:0,(anonymous_13)
DA:1,4
DA:18,4
DA:20,4
DA:24,0
DA:29,0
DA:34,4
DA:36,4
DA:37,4
DA:40,0
DA:45,4
DA:51,0
DA:52,0
DA:57,0
DA:59,0
DA:63,0
DA:64,0
DA:67,0
DA:69,0
DA:75,0
DA:82,0
DA:97,0
LF:21
LH:7
BRF:0
BRH:0
end_of_record
TN:
SF:src/service/LocalStorageService.ts
FN:6,(anonymous_1)
FN:13,(anonymous_2)
FN:16,(anonymous_3)
FN:19,(anonymous_4)
FN:22,(anonymous_5)
FN:25,(anonymous_6)
FN:28,(anonymous_7)
FNF:7
FNH:0
FNDA:0,(anonymous_1)
FNDA:0,(anonymous_2)
FNDA:0,(anonymous_3)
FNDA:0,(anonymous_4)
FNDA:0,(anonymous_5)
FNDA:0,(anonymous_6)
FNDA:0,(anonymous_7)
DA:3,4
DA:4,4
DA:5,4
DA:7,0
DA:8,0
DA:9,0
DA:10,0
DA:14,0
DA:17,0
DA:20,0
DA:23,0
DA:26,0
DA:29,0
LF:13
LH:3
BRDA:7,0,0,0
BRDA:9,1,0,0
BRDA:9,1,1,0
BRDA:10,2,0,0
BRDA:10,2,1,0
BRDA:10,3,0,0
BRDA:10,3,1,0
BRF:7
BRH:0
end_of_record
TN:
SF:src/service/const.ts
FNF:0
FNH:0
DA:1,4
DA:2,4
DA:3,4
DA:5,4
DA:6,4
DA:7,4
DA:8,4
DA:9,4
DA:10,4
DA:11,4
DA:12,4
DA:13,4
LF:12
LH:12
BRF:0
BRH:0
end_of_record
TN:
SF:src/store/root-action.ts
FNF:0
FNH:0
DA:1,4
DA:2,4
DA:3,4
DA:4,4
DA:6,4
DA:7,4
DA:9,30
LF:7
LH:7
BRF:0
BRH:0
end_of_record
TN:
SF:src/store/store.ts
FN:12,(anonymous_1)
FN:17,(anonymous_2)
FNF:2
FNH:2
FNDA:8,(anonymous_1)
FNDA:8,(anonymous_2)
DA:1,3
DA:2,3
DA:3,3
DA:4,3
DA:5,3
DA:7,3
DA:12,8
DA:13,8
DA:18,8
LF:9
LH:9
BRDA:12,0,0,0
BRF:1
BRH:0
end_of_record
TN:
SF:src/store/call/call.action.ts
FN:6,(anonymous_1)
FNF:1
FNH:0
FNDA:0,(anonymous_1)
DA:1,4
DA:2,4
DA:4,7
DA:7,0
DA:10,0
DA:11,0
DA:13,0
LF:7
LH:3
BRF:0
BRH:0
end_of_record
TN:
SF:src/store/call/call.selectors.ts
FN:3,(anonymous_13)
FN:5,(anonymous_14)
FN:7,(anonymous_15)
FN:9,(anonymous_16)
FN:11,(anonymous_17)
FN:15,(anonymous_18)
FN:17,(anonymous_19)
FN:19,(anonymous_20)
FN:21,(anonymous_21)
FN:23,(anonymous_22)
FN:25,(anonymous_23)
FN:28,(anonymous_24)
FNF:12
FNH:1
FNDA:0,(anonymous_13)
FNDA:4,(anonymous_14)
FNDA:0,(anonymous_15)
FNDA:0,(anonymous_16)
FNDA:0,(anonymous_17)
FNDA:0,(anonymous_18)
FNDA:0,(anonymous_19)
FNDA:0,(anonymous_20)
FNDA:0,(anonymous_21)
FNDA:0,(anonymous_22)
FNDA:0,(anonymous_23)
FNDA:0,(anonymous_24)
DA:3,1
DA:4,0
DA:5,2
DA:6,4
DA:7,1
DA:8,0
DA:9,1
DA:10,0
DA:11,1
DA:12,0
DA:15,1
DA:16,0
DA:17,1
DA:18,0
DA:19,1
DA:20,0
DA:21,1
DA:22,0
DA:23,1
DA:24,0
DA:25,1
DA:26,0
DA:28,1
LF:23
LH:13
BRDA:12,0,0,0
BRDA:12,0,1,0
BRDA:26,1,0,0
BRDA:26,1,1,0
BRF:4
BRH:0
end_of_record
TN:
SF:src/store/call/call.slice.ts
FN:20,(anonymous_1)
FN:23,(anonymous_2)
FN:26,(anonymous_3)
FN:32,(anonymous_4)
FN:35,(anonymous_5)
FN:38,(anonymous_6)
FN:44,(anonymous_7)
FN:47,(anonymous_8)
FN:50,(anonymous_9)
FN:55,(anonymous_10)
FN:56,(anonymous_11)
FNF:11
FNH:1
FNDA:0,(anonymous_1)
FNDA:0,(anonymous_2)
FNDA:0,(anonymous_3)
FNDA:0,(anonymous_4)
FNDA:0,(anonymous_5)
FNDA:0,(anonymous_6)
FNDA:0,(anonymous_7)
FNDA:0,(anonymous_8)
FNDA:0,(anonymous_9)
FNDA:3,(anonymous_10)
FNDA:0,(anonymous_11)
DA:1,4
DA:3,4
DA:5,4
DA:16,7
DA:21,0
DA:24,0
DA:30,0
DA:33,0
DA:36,0
DA:42,0
DA:45,0
DA:48,0
DA:51,0
DA:52,0
DA:56,3
DA:57,0
LF:16
LH:5
BRDA:21,0,0,0
BRDA:24,1,0,0
BRDA:30,2,0,0
BRDA:33,3,0,0
BRDA:36,4,0,0
BRDA:42,5,0,0
BRF:6
BRH:0
end_of_record
TN:
SF:src/store/message/message.action.ts
FN:15,(anonymous_5)
FN:27,(anonymous_6)
FN:37,(anonymous_7)
FN:62,(anonymous_8)
FNF:4
FNH:0
FNDA:0,(anonymous_5)
FNDA:0,(anonymous_6)
FNDA:0,(anonymous_7)
FNDA:0,(anonymous_8)
DA:1,4
DA:2,4
DA:11,4
DA:13,13
DA:16,0
DA:17,0
DA:18,0
DA:20,0
DA:24,13
DA:28,0
DA:29,0
DA:30,0
DA:32,0
DA:35,13
DA:38,0
DA:41,0
DA:42,0
DA:47,0
DA:48,0
DA:53,0
DA:56,0
DA:60,13
DA:63,0
DA:66,0
DA:67,0
DA:72,0
DA:77,0
DA:79,0
LF:28
LH:7
BRDA:47,0,0,0
BRDA:70,1,0,0
BRDA:70,1,1,0
BRDA:77,2,0,0
BRF:4
BRH:0
end_of_record
TN:
SF:src/store/message/message.selectors.ts
FN:3,(anonymous_10)
FN:5,(anonymous_11)
FN:7,(anonymous_12)
FN:9,(anonymous_13)
FN:11,(anonymous_14)
FN:13,(anonymous_15)
FN:15,(anonymous_16)
FN:17,(anonymous_17)
FN:19,(anonymous_18)
FNF:9
FNH:4
FNDA:0,(anonymous_10)
FNDA:0,(anonymous_11)
FNDA:13,(anonymous_12)
FNDA:4,(anonymous_13)
FNDA:0,(anonymous_14)
FNDA:9,(anonymous_15)
FNDA:0,(anonymous_16)
FNDA:9,(anonymous_17)
FNDA:0,(anonymous_18)
DA:3,2
DA:4,0
DA:5,2
DA:6,0
DA:7,6
DA:8,13
DA:9,2
DA:10,4
DA:11,2
DA:12,0
DA:13,4
DA:14,9
DA:15,2
DA:16,0
DA:17,4
DA:18,9
DA:19,2
DA:20,0
LF:18
LH:13
BRDA:6,0,0,0
BRDA:6,0,1,0
BRF:2
BRH:0
end_of_record
TN:
SF:src/store/message/message.slice.ts
FN:24,(anonymous_1)
FN:27,(anonymous_2)
FN:30,(anonymous_3)
FN:33,(anonymous_4)
FN:36,(anonymous_5)
FN:40,(anonymous_6)
FN:42,(anonymous_7)
FN:46,(anonymous_8)
FN:50,(anonymous_9)
FN:54,(anonymous_10)
FN:60,(anonymous_11)
FN:68,(anonymous_12)
FN:74,(anonymous_13)
FN:80,(anonymous_14)
FN:87,(anonymous_15)
FN:91,(anonymous_16)
FN:97,(anonymous_17)
FN:104,(anonymous_18)
FNF:18
FNH:2
FNDA:2,(anonymous_1)
FNDA:0,(anonymous_2)
FNDA:0,(anonymous_3)
FNDA:0,(anonymous_4)
FNDA:0,(anonymous_5)
FNDA:3,(anonymous_6)
FNDA:0,(anonymous_7)
FNDA:0,(anonymous_8)
FNDA:0,(anonymous_9)
FNDA:0,(anonymous_10)
FNDA:0,(anonymous_11)
FNDA:0,(anonymous_12)
FNDA:0,(anonymous_13)
FNDA:0,(anonymous_14)
FNDA:0,(anonymous_15)
FNDA:0,(anonymous_16)
FNDA:0,(anonymous_17)
FNDA:0,(anonymous_18)
DA:1,4
DA:12,4
DA:14,4
DA:20,7
DA:25,2
DA:28,0
DA:31,0
DA:34,0
DA:37,0
DA:41,3
DA:43,0
DA:44,0
DA:47,0
DA:48,0
DA:51,0
DA:52,0
DA:55,0
DA:56,0
DA:61,0
DA:63,0
DA:65,0
DA:69,0
DA:70,0
DA:75,0
DA:76,0
DA:81,0
DA:82,0
DA:83,0
DA:84,0
DA:88,0
DA:89,0
DA:92,0
DA:93,0
DA:98,0
DA:99,0
DA:100,0
DA:101,0
DA:105,0
DA:106,0
LF:39
LH:6
BRF:0
BRH:0
end_of_record
TN:
SF:src/store/user/user.action.ts
FN:17,(anonymous_5)
FN:42,(anonymous_6)
FN:55,(anonymous_7)
FN:70,(anonymous_8)
FNF:4
FNH:1
FNDA:0,(anonymous_5)
FNDA:0,(anonymous_6)
FNDA:0,(anonymous_7)
FNDA:4,(anonymous_8)
DA:1,4
DA:2,4
DA:3,4
DA:4,4
DA:7,4
DA:12,13
DA:18,0
DA:19,0
DA:22,0
DA:23,0
DA:24,0
DA:25,0
DA:33,0
DA:34,0
DA:36,0
DA:40,13
DA:43,0
DA:44,0
DA:45,0
DA:46,0
DA:48,0
DA:53,13
DA:56,0
DA:57,0
DA:58,0
DA:59,0
DA:60,0
DA:62,0
DA:64,0
DA:68,13
DA:71,4
DA:72,4
DA:74,0
LF:33
LH:11
BRDA:24,0,0,0
BRDA:27,1,0,0
BRDA:27,1,1,0
BRDA:28,2,0,0
BRDA:28,2,1,0
BRDA:58,3,0,0
BRF:6
BRH:0
end_of_record
TN:
SF:src/store/user/user.selector.ts
FN:6,(anonymous_11)
FN:8,(anonymous_12)
FN:9,(anonymous_13)
FN:11,(anonymous_14)
FN:13,(anonymous_15)
FN:14,(anonymous_16)
FN:16,(anonymous_17)
FN:18,(anonymous_18)
FN:20,(anonymous_19)
FN:25,(anonymous_20)
FN:27,(anonymous_21)
FN:28,(anonymous_22)
FN:30,(anonymous_23)
FNF:13
FNH:9
FNDA:0,(anonymous_11)
FNDA:20,(anonymous_12)
FNDA:40,(anonymous_13)
FNDA:0,(anonymous_14)
FNDA:11,(anonymous_15)
FNDA:9,(anonymous_16)
FNDA:0,(anonymous_17)
FNDA:0,(anonymous_18)
FNDA:40,(anonymous_19)
FNDA:4,(anonymous_20)
FNDA:16,(anonymous_21)
FNDA:16,(anonymous_22)
FNDA:16,(anonymous_23)
DA:2,2
DA:4,2
DA:6,2
DA:7,0
DA:8,20
DA:9,224
DA:10,40
DA:11,2
DA:12,0
DA:13,11
DA:14,4
DA:15,9
DA:16,2
DA:17,0
DA:18,2
DA:19,0
DA:20,224
DA:21,40
DA:22,33
DA:26,4
DA:28,16
DA:29,16
DA:30,16
DA:33,16
LF:24
LH:20
BRDA:10,0,0,40
BRDA:10,0,1,40
BRDA:15,1,0,9
BRDA:15,1,1,0
BRDA:17,2,0,0
BRDA:17,2,1,0
BRF:6
BRH:3
end_of_record
TN:
SF:src/store/user/user.slice.ts
FN:23,(anonymous_1)
FN:26,(anonymous_2)
FN:29,(anonymous_3)
FN:32,(anonymous_4)
FN:35,(anonymous_5)
FN:38,(anonymous_6)
FN:41,(anonymous_7)
FN:44,(anonymous_8)
FN:49,(anonymous_9)
FN:51,(anonymous_10)
FN:55,(anonymous_11)
FN:63,(anonymous_12)
FN:67,(anonymous_13)
FN:71,(anonymous_14)
FN:75,(anonymous_15)
FN:79,(anonymous_16)
FN:83,(anonymous_17)
FN:88,(anonymous_18)
FN:92,(anonymous_19)
FN:96,(anonymous_20)
FN:100,(anonymous_21)
FNF:21
FNH:3
FNDA:0,(anonymous_1)
FNDA:0,(anonymous_2)
FNDA:0,(anonymous_3)
FNDA:0,(anonymous_4)
FNDA:0,(anonymous_5)
FNDA:0,(anonymous_6)
FNDA:0,(anonymous_7)
FNDA:0,(anonymous_8)
FNDA:3,(anonymous_9)
FNDA:0,(anonymous_10)
FNDA:0,(anonymous_11)
FNDA:0,(anonymous_12)
FNDA:0,(anonymous_13)
FNDA:0,(anonymous_14)
FNDA:0,(anonymous_15)
FNDA:0,(anonymous_16)
FNDA:0,(anonymous_17)
FNDA:0,(anonymous_18)
FNDA:4,(anonymous_19)
FNDA:4,(anonymous_20)
FNDA:0,(anonymous_21)
DA:2,4
DA:8,4
DA:9,4
DA:11,4
DA:19,7
DA:24,0
DA:27,0
DA:30,0
DA:33,0
DA:36,0
DA:39,0
DA:42,0
DA:45,0
DA:46,0
DA:50,3
DA:52,0
DA:53,0
DA:56,0
DA:57,0
DA:59,0
DA:60,0
DA:64,0
DA:65,0
DA:68,0
DA:69,0
DA:72,0
DA:73,0
DA:76,0
DA:77,0
DA:80,0
DA:81,0
DA:84,0
DA:85,0
DA:86,0
DA:89,0
DA:90,0
DA:93,4
DA:94,4
DA:97,4
DA:98,4
DA:101,0
DA:102,0
LF:42
LH:10
BRDA:56,0,0,0
BRDA:56,0,1,0
BRF:2
BRH:0
end_of_record
TN:
SF:src/types/routerEnumPath.ts
FN:1,(anonymous_1)
FNF:1
FNH:1
FNDA:1,(anonymous_1)
DA:1,1
LF:1
LH:1
BRDA:1,0,0,1
BRDA:1,0,1,1
BRF:2
BRH:2
end_of_record
TN:
SF:src/utils/CalculateTime.ts
FN:2,(anonymous_1)
FNF:1
FNH:0
FNDA:0,(anonymous_1)
DA:2,2
DA:4,0
DA:7,0
DA:10,0
DA:14,0
DA:21,0
DA:28,0
DA:29,0
DA:36,0
DA:38,0
DA:44,0
DA:49,0
DA:50,0
DA:52,0
DA:61,0
DA:65,0
LF:16
LH:1
BRDA:21,0,0,0
BRDA:21,0,1,0
BRDA:22,1,0,0
BRDA:22,1,1,0
BRDA:22,1,2,0
BRDA:29,2,0,0
BRDA:29,2,1,0
BRDA:30,3,0,0
BRDA:30,3,1,0
BRDA:30,3,2,0
BRDA:38,4,0,0
BRDA:38,4,1,0
BRDA:40,5,0,0
BRDA:40,5,1,0
BRF:14
BRH:0
end_of_record
TN:
SF:src/utils/FirebaseConfig.ts
FNF:0
FNH:0
DA:1,4
DA:2,4
DA:3,4
DA:5,4
DA:14,4
DA:15,4
LF:6
LH:6
BRF:0
BRH:0
end_of_record
TN:
SF:src/utils/constants.ts
FNF:0
FNH:0
DA:1,4
DA:2,4
DA:3,4
DA:4,4
DA:5,4
DA:6,4
DA:7,4
DA:8,4
DA:9,4
DA:10,4
DA:11,4
DA:12,4
DA:13,4
DA:14,4
LF:14
LH:14
BRF:0
BRH:0
end_of_record
